

<!DOCTYPE html>
<html>
<head>
<meta charset="UTF-8">
<meta name="viewport" content="width=device-width, initial-scale=1, shrink-to-fit=no">
<title></title>
<link rel="apple-touch-icon" href="https://cdn.jsdelivr.net/gh/extent-framework/extent-github-cdn@b00a2d0486596e73dd7326beacf352c639623a0e/commons/img/logo.png">
<link rel="shortcut icon" href="https://cdn.jsdelivr.net/gh/extent-framework/extent-github-cdn@b00a2d0486596e73dd7326beacf352c639623a0e/commons/img/logo.png">
<link href="https://cdn.jsdelivr.net/gh/extent-framework/extent-github-cdn@ce8b10435bcbae260c334c0d0c6b61d2c19b6168/spark/css/spark-style.css" rel="stylesheet" />
<link href="https://stackpath.bootstrapcdn.com/font-awesome/4.7.0/css/font-awesome.min.css" rel="stylesheet">
<script src="https://cdn.jsdelivr.net/gh/extent-framework/extent-github-cdn@7cc78ce/spark/js/jsontree.js"></script>
<style type="text/css"></style></head><body class="spa bdd-report standard">
  <div class="app">
    <div class="layout">
<div class="header navbar">
<div class="vheader">
<div class="nav-logo">
<a href="#">
<div class="logo" style="background-image: url('https://cdn.jsdelivr.net/gh/extent-framework/extent-github-cdn@b00a2d0486596e73dd7326beacf352c639623a0e/commons/img/logo.png')"></div>
</a>
</div>
<ul class="nav-left">
<li class="search-box">
<a class="search-toggle" href="#">
<i class="search-icon fa fa-search"></i>
<i class="search-icon-close fa fa-close"></i>
</a>
</li>
<li class="search-input"><input id="search-tests" class="form-control" type="text" placeholder="Search..."></li>
</ul>
<ul class="nav-right">
<li class="m-r-10">
<a href="#"><span class="badge badge-primary"></span></a>
</li>
<li class="m-r-10">
<a href="#"><span class="badge badge-primary">Jan 4, 2025 03:39:36 AM</span></a>
</li>
</ul>
</div>
</div><div class="side-nav">
<div class="side-nav-inner">
<ul class="side-nav-menu">
<li class="nav-item dropdown" onclick="toggleView('test-view')">
<a id="nav-test" class="dropdown-toggle" href="#">
<span class="ico"><i class="fa fa-list"></i></span>
</a>
</li>
<li class="nav-item dropdown" onclick="toggleView('exception-view')">
<a id="nav-exception" class="dropdown-toggle" href="#">
<span class="ico"><i class="fa fa-bug"></i></span>
</a>
</li>
<li class="nav-item dropdown" onclick="toggleView('dashboard-view')">
<a id="nav-dashboard" class="dropdown-toggle" href="#">
<span class="ico"><i class="fa fa-bar-chart"></i></span>
</a>
</li>
</ul>
</div>
</div>      <div class="vcontainer">
        <div class="main-content">
<div class="test-wrapper row view test-view">
  <div class="test-list">
    <div class="test-list-tools">
<ul class="tools pull-left">
<li><a href="#"><span class="font-size-14">Tests</span></a></li>
</ul>
<ul class="tools text-right">
<li class="dropdown">
<a href="#" class="dropdown-toggle" data-toggle="dropdown"><i class="fa fa-exclamation-circle"></i></a>
<ul id="status-toggle" class="dropdown-menu dropdown-md p-v-0">
<a class="dropdown-item" status="pass" href="#"><span>Pass</span><span class="status success"></span></a>
<a class="dropdown-item" status="fail" href="#"><span>Fail</span><span class="status danger"></span></a>
<div class="dropdown-divider"></div>
<a status="clear" class="dropdown-item" href="#"><span>Clear</span><span class="pull-right"><i class="fa fa-close"></i></span></a>
</ul>
</li>
</ul>
</div>    <div class="test-list-wrapper scrollable">
      <ul class="test-list-item">
        <li class="test-item"  status="fail" test-id="2"
          author=""
          tag=""
          device="">
          <div class="test-detail">
            <p class="name">Account Creation API</p>
            <p class="text-sm">
              <span>3:39:37 AM</span> / <span>00:00:02:984</span>
              <span class="badge fail-bg log float-right">Fail</span>
            </p>
          </div>
          <div class="test-contents d-none">
<div class="detail-head">
<div class="p-v-10">
<div class="info">
<h5 class="test-status text-fail">Account Creation API</h5>
<span class='badge badge-success'>01.04.2025 3:39:37 AM</span>
<span class='badge badge-danger'>01.04.2025 3:39:40 AM</span>
<span class='badge badge-default'>00:00:02:984</span>
&middot; <span class='uri-anchor badge badge-default'>#test-id=2</span>
<span title='Skip to the next failed step' class='badge badge-danger pointer float-right ne ml-1'><i class="fa fa-fast-forward"></i></span>
<span title='Collapse all nodes' class='badge badge-default pointer float-right ct ml-1'><i class="fa fa-compress"></i></span>
<span title='Expand all nodes' class='badge badge-default pointer float-right et'><i class="fa fa-expand"></i></span>
</div>
<div class="m-t-10 m-l-5"></div>
</div>
</div>
<div class="accordion mt-4">
  <div class="card">
    <div class="card-header" role="tab">
      <div class="card-title">
        <div class="node" id="3"><span class="badge log fail-bg mr-2">Fail</span>Verify if Account Creation API is working</div>
      </div>
    </div>
        <div class="">
          <div class="card-body">
              <div class="step pass-bg" title="api.stepDefinitions.AccountCreationStep.theUserProvidesValidAccountCreationDetails()">
                <span>Given the user provides valid account creation details</span>
      <div>
      </div>
              </div>
              <div class="step pass-bg" title="api.stepDefinitions.AccountCreationStep.theUserSendsARequestToCreateAnAccount()">
                <span>When the user sends a request to create an account</span>
      <div>
      </div>
              </div>
              <div class="step fail-bg" title="api.stepDefinitions.AccountCreationStep.theAPIShouldReturnASuccessMessage(java.lang.String)">
                <span>Then the API should return a success message "User registered successfully!"</span>
      <div>
        <textarea disabled class="code-block">java.lang.AssertionError: User registered successfully! expected [User registered successfully!] but found [Error: Username is already taken!]
	at org.testng.Assert.fail(Assert.java:111)
	at org.testng.Assert.failNotEquals(Assert.java:1578)
	at org.testng.Assert.assertEqualsImpl(Assert.java:150)
	at org.testng.Assert.assertEquals(Assert.java:132)
	at org.testng.Assert.assertEquals(Assert.java:656)
	at api.stepDefinitions.AccountCreationStep.theAPIShouldReturnASuccessMessage(AccountCreationStep.java:38)
	at ✽.the API should return a success message "User registered successfully!"(file:///home/runner/work/SeleniumCucumberFramework/SeleniumCucumberFramework/src/test/resources/api/features/AcountCreation.feature:6)
</textarea>
      
      </div>
              </div>
              <div class="step skip-bg" title="api.stepDefinitions.LoginApiStep.verifyResponseStatusCode(java.lang.Integer)">
                <span>And the status code should be 200</span>
      <div>Step skipped
      </div>
              </div>
          </div>
        </div>
  </div>
  <div class="card">
    <div class="card-header" role="tab">
      <div class="card-title">
        <div class="node" id="10"><span class="badge log fail-bg mr-2">Fail</span>Verify if Account Creation API is working</div>
      </div>
    </div>
        <div class="">
          <div class="card-body">
              <div class="step pass-bg" title="api.stepDefinitions.AccountCreationStep.theUserProvidesValidAccountCreationDetails()">
                <span>Given the user provides valid account creation details</span>
      <div>
      </div>
              </div>
              <div class="step pass-bg" title="api.stepDefinitions.AccountCreationStep.theUserSendsARequestToCreateAnAccount()">
                <span>When the user sends a request to create an account</span>
      <div>
      </div>
              </div>
              <div class="step fail-bg" title="api.stepDefinitions.AccountCreationStep.theAPIShouldReturnASuccessMessage(java.lang.String)">
                <span>Then the API should return a success message "User registered successfully!"</span>
      <div>
        <textarea disabled class="code-block">java.lang.AssertionError: User registered successfully! expected [User registered successfully!] but found [Error: Username is already taken!]
	at org.testng.Assert.fail(Assert.java:111)
	at org.testng.Assert.failNotEquals(Assert.java:1578)
	at org.testng.Assert.assertEqualsImpl(Assert.java:150)
	at org.testng.Assert.assertEquals(Assert.java:132)
	at org.testng.Assert.assertEquals(Assert.java:656)
	at api.stepDefinitions.AccountCreationStep.theAPIShouldReturnASuccessMessage(AccountCreationStep.java:38)
	at ✽.the API should return a success message "User registered successfully!"(file:///home/runner/work/SeleniumCucumberFramework/SeleniumCucumberFramework/src/test/resources/api/features/AcountCreation.feature:6)
</textarea>
      
      </div>
              </div>
              <div class="step skip-bg" title="api.stepDefinitions.LoginApiStep.verifyResponseStatusCode(java.lang.Integer)">
                <span>And the status code should be 200</span>
      <div>Step skipped
      </div>
              </div>
          </div>
        </div>
  </div>
  <div class="card">
    <div class="card-header" role="tab">
      <div class="card-title">
        <div class="node" id="15"><span class="badge log fail-bg mr-2">Fail</span>Verify if Account Creation API is working</div>
      </div>
    </div>
        <div class="">
          <div class="card-body">
              <div class="step pass-bg" title="api.stepDefinitions.AccountCreationStep.theUserProvidesValidAccountCreationDetails()">
                <span>Given the user provides valid account creation details</span>
      <div>
      </div>
              </div>
              <div class="step pass-bg" title="api.stepDefinitions.AccountCreationStep.theUserSendsARequestToCreateAnAccount()">
                <span>When the user sends a request to create an account</span>
      <div>
      </div>
              </div>
              <div class="step fail-bg" title="api.stepDefinitions.AccountCreationStep.theAPIShouldReturnASuccessMessage(java.lang.String)">
                <span>Then the API should return a success message "User registered successfully!"</span>
      <div>
        <textarea disabled class="code-block">java.lang.AssertionError: User registered successfully! expected [User registered successfully!] but found [Error: Username is already taken!]
	at org.testng.Assert.fail(Assert.java:111)
	at org.testng.Assert.failNotEquals(Assert.java:1578)
	at org.testng.Assert.assertEqualsImpl(Assert.java:150)
	at org.testng.Assert.assertEquals(Assert.java:132)
	at org.testng.Assert.assertEquals(Assert.java:656)
	at api.stepDefinitions.AccountCreationStep.theAPIShouldReturnASuccessMessage(AccountCreationStep.java:38)
	at ✽.the API should return a success message "User registered successfully!"(file:///home/runner/work/SeleniumCucumberFramework/SeleniumCucumberFramework/src/test/resources/api/features/AcountCreation.feature:6)
</textarea>
      
      </div>
              </div>
              <div class="step skip-bg" title="api.stepDefinitions.LoginApiStep.verifyResponseStatusCode(java.lang.Integer)">
                <span>And the status code should be 200</span>
      <div>Step skipped
      </div>
              </div>
          </div>
        </div>
  </div>
  <div class="card">
    <div class="card-header" role="tab">
      <div class="card-title">
        <div class="node" id="20"><span class="badge log fail-bg mr-2">Fail</span>Verify if Account Creation API is working</div>
      </div>
    </div>
        <div class="">
          <div class="card-body">
              <div class="step pass-bg" title="api.stepDefinitions.AccountCreationStep.theUserProvidesValidAccountCreationDetails()">
                <span>Given the user provides valid account creation details</span>
      <div>
      </div>
              </div>
              <div class="step pass-bg" title="api.stepDefinitions.AccountCreationStep.theUserSendsARequestToCreateAnAccount()">
                <span>When the user sends a request to create an account</span>
      <div>
      </div>
              </div>
              <div class="step fail-bg" title="api.stepDefinitions.AccountCreationStep.theAPIShouldReturnASuccessMessage(java.lang.String)">
                <span>Then the API should return a success message "User registered successfully!"</span>
      <div>
        <textarea disabled class="code-block">java.lang.AssertionError: User registered successfully! expected [User registered successfully!] but found [Error: Username is already taken!]
	at org.testng.Assert.fail(Assert.java:111)
	at org.testng.Assert.failNotEquals(Assert.java:1578)
	at org.testng.Assert.assertEqualsImpl(Assert.java:150)
	at org.testng.Assert.assertEquals(Assert.java:132)
	at org.testng.Assert.assertEquals(Assert.java:656)
	at api.stepDefinitions.AccountCreationStep.theAPIShouldReturnASuccessMessage(AccountCreationStep.java:38)
	at ✽.the API should return a success message "User registered successfully!"(file:///home/runner/work/SeleniumCucumberFramework/SeleniumCucumberFramework/src/test/resources/api/features/AcountCreation.feature:6)
</textarea>
      
      </div>
              </div>
              <div class="step skip-bg" title="api.stepDefinitions.LoginApiStep.verifyResponseStatusCode(java.lang.Integer)">
                <span>And the status code should be 200</span>
      <div>Step skipped
      </div>
              </div>
          </div>
        </div>
  </div>
</div>
          </div>
        </li>
        <li class="test-item"  status="fail" test-id="1"
          author=""
          tag=""
          device="">
          <div class="test-detail">
            <p class="name">Home page</p>
            <p class="text-sm">
              <span>3:39:37 AM</span> / <span>00:00:04:366</span>
              <span class="badge fail-bg log float-right">Fail</span>
            </p>
          </div>
          <div class="test-contents d-none">
<div class="detail-head">
<div class="p-v-10">
<div class="info">
<h5 class="test-status text-fail">Home page</h5>
<span class='badge badge-success'>01.04.2025 3:39:37 AM</span>
<span class='badge badge-danger'>01.04.2025 3:39:41 AM</span>
<span class='badge badge-default'>00:00:04:366</span>
&middot; <span class='uri-anchor badge badge-default'>#test-id=1</span>
<span title='Skip to the next failed step' class='badge badge-danger pointer float-right ne ml-1'><i class="fa fa-fast-forward"></i></span>
<span title='Collapse all nodes' class='badge badge-default pointer float-right ct ml-1'><i class="fa fa-compress"></i></span>
<span title='Expand all nodes' class='badge badge-default pointer float-right et'><i class="fa fa-expand"></i></span>
</div>
<div class="m-t-10 m-l-5"></div>
</div>
</div>
<div class="accordion mt-4">
  <div class="card">
    <div class="card-header" role="tab">
      <div class="card-title">
        <div class="node" id="4"><span class="badge log fail-bg mr-2">Fail</span>Verify user able to land on the Home page successfully</div>
      </div>
    </div>
        <div class="">
          <div class="card-body">
              <div class="step fail-bg" title="BEFORE">
                <span>ui.stepDefinitions.Hooks.initializeTest(io.cucumber.java.Scenario)</span>
      <div>
        <textarea disabled class="code-block">org.openqa.selenium.SessionNotCreatedException: Could not start a new session. Response code 500. Message: All minutes for this organization has been exhausted 
Host info: host: 'fv-az777-260', ip: '10.1.0.70'
Build info: version: '4.26.0', revision: '8ccf0219d7'
System info: os.name: 'Linux', os.arch: 'amd64', os.version: '6.5.0-1025-azure', java.version: '21.0.5'
Driver info: org.openqa.selenium.remote.RemoteWebDriver
Command: [null, newSession {capabilities=[Capabilities {LT:Options: {accessKey: qcAAZkom4NiVZaRidReoCUJtD94..., build: Selenium Cucumber, name: Verify user able to land on..., platformName: Windows 10, seCdp: true, selenium_version: 4.23.0, user: ankitqatechie}, browserName: chrome, browserVersion: 127}]}]
Capabilities {LT:Options: {accessKey: qcAAZkom4NiVZaRidReoCUJtD94..., build: Selenium Cucumber, name: Verify user able to land on..., platformName: Windows 10, seCdp: true, selenium_version: 4.23.0, user: ankitqatechie}, browserName: chrome, browserVersion: 127}
	at org.openqa.selenium.remote.ProtocolHandshake.createSession(ProtocolHandshake.java:114)
	at org.openqa.selenium.remote.ProtocolHandshake.createSession(ProtocolHandshake.java:75)
	at org.openqa.selenium.remote.ProtocolHandshake.createSession(ProtocolHandshake.java:61)
	at org.openqa.selenium.remote.HttpCommandExecutor.execute(HttpCommandExecutor.java:162)
	at org.openqa.selenium.remote.TracedCommandExecutor.execute(TracedCommandExecutor.java:53)
	at org.openqa.selenium.remote.RemoteWebDriver.execute(RemoteWebDriver.java:545)
	at org.openqa.selenium.remote.RemoteWebDriver.startSession(RemoteWebDriver.java:245)
	at org.openqa.selenium.remote.RemoteWebDriver.<init>(RemoteWebDriver.java:174)
	at org.openqa.selenium.remote.RemoteWebDriver.<init>(RemoteWebDriver.java:152)
	at ui.utility.LambdaTestUtility.initializeLambdaTestSession(LambdaTestUtility.java:41)
	at ui.stepDefinitions.TestBase.setup(TestBase.java:21)
	at ui.stepDefinitions.Hooks.initializeTest(Hooks.java:19)
</textarea>
      
      </div>
              </div>
              <div class="step skip-bg" title="ui.stepDefinitions.HomePageSteps.userNavigateToHomePagePage()">
                <span>Given user navigate to HomePage page</span>
      <div>Step skipped
      </div>
              </div>
              <div class="step skip-bg" title="ui.stepDefinitions.HomePageSteps.userShouldBeAbleToViewTheHomePageUIWithWebElements(io.cucumber.datatable.DataTable)">
                <span>When user should be able to view the Home Page UI with web elements</span>
      <div><table class='markup-table table '><tr><td>Home Page Logo</td></tr><tr><td>View My Cart</td></tr><tr><td>Search Text Box</td></tr><tr><td>Login Link</td></tr><tr><td>Contact Us Link</td></tr></table>
      </div>
      <div>Step skipped
      </div>
              </div>
              <div class="step skip-bg" title="ui.stepDefinitions.HomePageSteps.userClickOnLoginLink()">
                <span>Then user click on login link</span>
      <div>Step skipped
      </div>
              </div>
          </div>
        </div>
  </div>
</div>
          </div>
        </li>
        <li class="test-item"  status="fail" test-id="25"
          author=""
          tag=""
          device="">
          <div class="test-detail">
            <p class="name">Forgot Password API</p>
            <p class="text-sm">
              <span>3:39:40 AM</span> / <span>00:00:02:322</span>
              <span class="badge fail-bg log float-right">Fail</span>
            </p>
          </div>
          <div class="test-contents d-none">
<div class="detail-head">
<div class="p-v-10">
<div class="info">
<h5 class="test-status text-fail">Forgot Password API</h5>
<span class='badge badge-success'>01.04.2025 3:39:40 AM</span>
<span class='badge badge-danger'>01.04.2025 3:39:42 AM</span>
<span class='badge badge-default'>00:00:02:322</span>
&middot; <span class='uri-anchor badge badge-default'>#test-id=25</span>
<span title='Skip to the next failed step' class='badge badge-danger pointer float-right ne ml-1'><i class="fa fa-fast-forward"></i></span>
<span title='Collapse all nodes' class='badge badge-default pointer float-right ct ml-1'><i class="fa fa-compress"></i></span>
<span title='Expand all nodes' class='badge badge-default pointer float-right et'><i class="fa fa-expand"></i></span>
</div>
<div class="m-t-10 m-l-5"></div>
</div>
</div>
<div class="accordion mt-4">
  <div class="card">
    <div class="card-header" role="tab">
      <div class="card-title">
        <div class="node" id="26"><span class="badge log fail-bg mr-2">Fail</span>Verify if Forgot Password API is working</div>
      </div>
    </div>
        <div class="">
          <div class="card-body">
              <div class="step pass-bg" title="api.stepDefinitions.ForgotPasswordStep.theUserProvidesAValidEmailAddress(java.lang.String)">
                <span>Given the user provides a valid email address "dikeje5082@gholar.com"</span>
      <div>
      </div>
              </div>
              <div class="step pass-bg" title="api.stepDefinitions.ForgotPasswordStep.theUserSendsARequestToResetThePassword()">
                <span>When the user sends a request to reset the password</span>
      <div>
      </div>
              </div>
              <div class="step fail-bg" title="api.stepDefinitions.ForgotPasswordStep.theAPIShouldReturnASuccessMessageForForgotPassword(java.lang.String)">
                <span>Then the API should return a success message for forgot password "If your email exists in our system, you will receive reset instructions."</span>
      <div>
        <textarea disabled class="code-block">java.lang.AssertionError: If your email exists in our system, you will receive reset instructions. expected [If your email exists in our system, you will receive reset instructions.] but found [{
    "timestamp": "Sat Jan 04 03:39:42 UTC 2025",
    "status": 401,
    "error": "Unauthorized",
    "message": "Full authentication is required to access this resource",
    "path": "/error"
}]
	at org.testng.Assert.fail(Assert.java:111)
	at org.testng.Assert.failNotEquals(Assert.java:1578)
	at org.testng.Assert.assertEqualsImpl(Assert.java:150)
	at org.testng.Assert.assertEquals(Assert.java:132)
	at org.testng.Assert.assertEquals(Assert.java:656)
	at api.stepDefinitions.ForgotPasswordStep.theAPIShouldReturnASuccessMessageForForgotPassword(ForgotPasswordStep.java:29)
	at ✽.the API should return a success message for forgot password "If your email exists in our system, you will receive reset instructions."(file:///home/runner/work/SeleniumCucumberFramework/SeleniumCucumberFramework/src/test/resources/api/features/ForgotPassword.feature:6)
</textarea>
      
      </div>
              </div>
              <div class="step skip-bg" title="api.stepDefinitions.LoginApiStep.verifyResponseStatusCode(java.lang.Integer)">
                <span>And the status code should be 200</span>
      <div>Step skipped
      </div>
              </div>
          </div>
        </div>
  </div>
</div>
          </div>
        </li>
        <li class="test-item"  status="fail" test-id="36"
          author=""
          tag=""
          device="">
          <div class="test-detail">
            <p class="name">Login Functionality</p>
            <p class="text-sm">
              <span>3:39:41 AM</span> / <span>00:00:06:255</span>
              <span class="badge fail-bg log float-right">Fail</span>
            </p>
          </div>
          <div class="test-contents d-none">
<div class="detail-head">
<div class="p-v-10">
<div class="info">
<h5 class="test-status text-fail">Login Functionality</h5>
<span class='badge badge-success'>01.04.2025 3:39:41 AM</span>
<span class='badge badge-danger'>01.04.2025 3:39:48 AM</span>
<span class='badge badge-default'>00:00:06:255</span>
&middot; <span class='uri-anchor badge badge-default'>#test-id=36</span>
<span title='Skip to the next failed step' class='badge badge-danger pointer float-right ne ml-1'><i class="fa fa-fast-forward"></i></span>
<span title='Collapse all nodes' class='badge badge-default pointer float-right ct ml-1'><i class="fa fa-compress"></i></span>
<span title='Expand all nodes' class='badge badge-default pointer float-right et'><i class="fa fa-expand"></i></span>
</div>
<div class="m-t-10 m-l-5"></div>
</div>
</div>
<div class="accordion mt-4">
  <div class="card">
    <div class="card-header" role="tab">
      <div class="card-title">
        <div class="node" id="37"><span class="badge log fail-bg mr-2">Fail</span>Verify user log in with valid credentials</div>
      </div>
    </div>
        <div class="scenario_outline ">
            <div class="card-body l1">
              <div class="card-header">
                <div class="card-title outline-child">
                  <div class="node" id="38"><span class="badge log fail-bg mr-2">Fail</span>Verify user log in with valid credentials</div>
                </div>
              </div>
              <div class="card-body mt-3 ">
                  <div class="step fail-bg">
                    <span>ui.stepDefinitions.Hooks.initializeTest(io.cucumber.java.Scenario)</span>
      <div>
        <textarea disabled class="code-block">org.openqa.selenium.SessionNotCreatedException: Could not start a new session. Response code 500. Message: All minutes for this organization has been exhausted 
Host info: host: 'fv-az777-260', ip: '10.1.0.70'
Build info: version: '4.26.0', revision: '8ccf0219d7'
System info: os.name: 'Linux', os.arch: 'amd64', os.version: '6.5.0-1025-azure', java.version: '21.0.5'
Driver info: org.openqa.selenium.remote.RemoteWebDriver
Command: [null, newSession {capabilities=[Capabilities {LT:Options: {accessKey: qcAAZkom4NiVZaRidReoCUJtD94..., build: Selenium Cucumber, name: Verify user log in with val..., platformName: Windows 10, seCdp: true, selenium_version: 4.23.0, user: ankitqatechie}, browserName: chrome, browserVersion: 127}]}]
Capabilities {LT:Options: {accessKey: qcAAZkom4NiVZaRidReoCUJtD94..., build: Selenium Cucumber, name: Verify user log in with val..., platformName: Windows 10, seCdp: true, selenium_version: 4.23.0, user: ankitqatechie}, browserName: chrome, browserVersion: 127}
	at org.openqa.selenium.remote.ProtocolHandshake.createSession(ProtocolHandshake.java:114)
	at org.openqa.selenium.remote.ProtocolHandshake.createSession(ProtocolHandshake.java:75)
	at org.openqa.selenium.remote.ProtocolHandshake.createSession(ProtocolHandshake.java:61)
	at org.openqa.selenium.remote.HttpCommandExecutor.execute(HttpCommandExecutor.java:162)
	at org.openqa.selenium.remote.TracedCommandExecutor.execute(TracedCommandExecutor.java:53)
	at org.openqa.selenium.remote.RemoteWebDriver.execute(RemoteWebDriver.java:545)
	at org.openqa.selenium.remote.RemoteWebDriver.startSession(RemoteWebDriver.java:245)
	at org.openqa.selenium.remote.RemoteWebDriver.<init>(RemoteWebDriver.java:174)
	at org.openqa.selenium.remote.RemoteWebDriver.<init>(RemoteWebDriver.java:152)
	at ui.utility.LambdaTestUtility.initializeLambdaTestSession(LambdaTestUtility.java:41)
	at ui.stepDefinitions.TestBase.setup(TestBase.java:21)
	at ui.stepDefinitions.Hooks.initializeTest(Hooks.java:19)
</textarea>
      
      </div>
                  </div>
                  <div class="step skip-bg">
                    <span>Given user navigate to HomePage page</span>
      <div>Step skipped
      </div>
                  </div>
                  <div class="step skip-bg">
                    <span>When user click on login link</span>
      <div>Step skipped
      </div>
                  </div>
                  <div class="step skip-bg">
                    <span>And the user is on the login page</span>
      <div>Step skipped
      </div>
                  </div>
                  <div class="step skip-bg">
                    <span>When user enters valid "bajoy99768@inikale.com" and "Pass123" credentials</span>
      <div>Step skipped
      </div>
                  </div>
                  <div class="step skip-bg">
                    <span>Then user click login button</span>
      <div>Step skipped
      </div>
                  </div>
              </div>
            </div>
        </div>
  </div>
  <div class="card">
    <div class="card-header" role="tab">
      <div class="card-title">
        <div class="node" id="70"><span class="badge log fail-bg mr-2">Fail</span>Verify user cannot log in with invalid credentials</div>
      </div>
    </div>
        <div class="scenario_outline ">
            <div class="card-body l1">
              <div class="card-header">
                <div class="card-title outline-child">
                  <div class="node" id="71"><span class="badge log fail-bg mr-2">Fail</span>Verify user cannot log in with invalid credentials</div>
                </div>
              </div>
              <div class="card-body mt-3 ">
                  <div class="step fail-bg">
                    <span>ui.stepDefinitions.Hooks.initializeTest(io.cucumber.java.Scenario)</span>
      <div>
        <textarea disabled class="code-block">org.openqa.selenium.SessionNotCreatedException: Could not start a new session. Response code 500. Message: All minutes for this organization has been exhausted 
Host info: host: 'fv-az777-260', ip: '10.1.0.70'
Build info: version: '4.26.0', revision: '8ccf0219d7'
System info: os.name: 'Linux', os.arch: 'amd64', os.version: '6.5.0-1025-azure', java.version: '21.0.5'
Driver info: org.openqa.selenium.remote.RemoteWebDriver
Command: [null, newSession {capabilities=[Capabilities {LT:Options: {accessKey: qcAAZkom4NiVZaRidReoCUJtD94..., build: Selenium Cucumber, name: Verify user cannot log in w..., platformName: Windows 10, seCdp: true, selenium_version: 4.23.0, user: ankitqatechie}, browserName: chrome, browserVersion: 127}]}]
Capabilities {LT:Options: {accessKey: qcAAZkom4NiVZaRidReoCUJtD94..., build: Selenium Cucumber, name: Verify user cannot log in w..., platformName: Windows 10, seCdp: true, selenium_version: 4.23.0, user: ankitqatechie}, browserName: chrome, browserVersion: 127}
	at org.openqa.selenium.remote.ProtocolHandshake.createSession(ProtocolHandshake.java:114)
	at org.openqa.selenium.remote.ProtocolHandshake.createSession(ProtocolHandshake.java:75)
	at org.openqa.selenium.remote.ProtocolHandshake.createSession(ProtocolHandshake.java:61)
	at org.openqa.selenium.remote.HttpCommandExecutor.execute(HttpCommandExecutor.java:162)
	at org.openqa.selenium.remote.TracedCommandExecutor.execute(TracedCommandExecutor.java:53)
	at org.openqa.selenium.remote.RemoteWebDriver.execute(RemoteWebDriver.java:545)
	at org.openqa.selenium.remote.RemoteWebDriver.startSession(RemoteWebDriver.java:245)
	at org.openqa.selenium.remote.RemoteWebDriver.<init>(RemoteWebDriver.java:174)
	at org.openqa.selenium.remote.RemoteWebDriver.<init>(RemoteWebDriver.java:152)
	at ui.utility.LambdaTestUtility.initializeLambdaTestSession(LambdaTestUtility.java:41)
	at ui.stepDefinitions.TestBase.setup(TestBase.java:21)
	at ui.stepDefinitions.Hooks.initializeTest(Hooks.java:19)
</textarea>
      
      </div>
                  </div>
                  <div class="step skip-bg">
                    <span>Given user navigate to HomePage page</span>
      <div>Step skipped
      </div>
                  </div>
                  <div class="step skip-bg">
                    <span>When user click on login link</span>
      <div>Step skipped
      </div>
                  </div>
                  <div class="step skip-bg">
                    <span>And the user is on the login page</span>
      <div>Step skipped
      </div>
                  </div>
                  <div class="step skip-bg">
                    <span>When user enters invalid "anotheruser@domain.com" and "Secret45" credentials</span>
      <div>Step skipped
      </div>
                  </div>
                  <div class="step skip-bg">
                    <span>And user click login button</span>
      <div>Step skipped
      </div>
                  </div>
                  <div class="step skip-bg">
                    <span>Then user should see an error message</span>
      <div>Step skipped
      </div>
                  </div>
              </div>
            </div>
        </div>
  </div>
</div>
          </div>
        </li>
        <li class="test-item"  status="fail" test-id="42"
          author=""
          tag=""
          device="">
          <div class="test-detail">
            <p class="name">Get User Profile API</p>
            <p class="text-sm">
              <span>3:39:42 AM</span> / <span>00:00:00:993</span>
              <span class="badge fail-bg log float-right">Fail</span>
            </p>
          </div>
          <div class="test-contents d-none">
<div class="detail-head">
<div class="p-v-10">
<div class="info">
<h5 class="test-status text-fail">Get User Profile API</h5>
<span class='badge badge-success'>01.04.2025 3:39:42 AM</span>
<span class='badge badge-danger'>01.04.2025 3:39:43 AM</span>
<span class='badge badge-default'>00:00:00:993</span>
&middot; <span class='uri-anchor badge badge-default'>#test-id=42</span>
<span title='Skip to the next failed step' class='badge badge-danger pointer float-right ne ml-1'><i class="fa fa-fast-forward"></i></span>
<span title='Collapse all nodes' class='badge badge-default pointer float-right ct ml-1'><i class="fa fa-compress"></i></span>
<span title='Expand all nodes' class='badge badge-default pointer float-right et'><i class="fa fa-expand"></i></span>
</div>
<div class="m-t-10 m-l-5"></div>
</div>
</div>
<div class="accordion mt-4">
  <div class="card">
    <div class="card-header" role="tab">
      <div class="card-title">
        <div class="node" id="43"><span class="badge log fail-bg mr-2">Fail</span>Verify if Get Profile API is working</div>
      </div>
    </div>
        <div class="">
          <div class="card-body">
              <div class="step pass-bg" title="api.stepDefinitions.GetProfileStep.theUserLogsInWithUsernameAndPassword(java.lang.String,java.lang.String)">
                <span>Given the user logs in with username "dikeje123" and password "viraaj123"</span>
      <div>
      </div>
              </div>
              <div class="step pass-bg" title="api.stepDefinitions.GetProfileStep.theUserSendsARequestToFetchTheirProfile()">
                <span>When the user sends a request to fetch their profile</span>
      <div>
      </div>
              </div>
              <div class="step pass-bg" title="api.stepDefinitions.GetProfileStep.theAPIShouldReturnTheUsernameAs(java.lang.String)">
                <span>Then the API should return the username as "dikeje123"</span>
      <div>
      </div>
              </div>
              <div class="step fail-bg" title="api.stepDefinitions.LoginApiStep.verifyResponseStatusCode(java.lang.Integer)">
                <span>And the status code should be 200</span>
      <div>
        <textarea disabled class="code-block">java.lang.NullPointerException: Cannot invoke "io.restassured.response.Response.getStatusCode()" because "this.response" is null
	at api.stepDefinitions.LoginApiStep.verifyResponseStatusCode(LoginApiStep.java:31)
	at ✽.the status code should be 200(file:///home/runner/work/SeleniumCucumberFramework/SeleniumCucumberFramework/src/test/resources/api/features/GetProfile.feature:7)
</textarea>
      
      </div>
              </div>
          </div>
        </div>
  </div>
</div>
          </div>
        </li>
        <li class="test-item"  status="pass" test-id="48"
          author=""
          tag=""
          device="">
          <div class="test-detail">
            <p class="name">Login API</p>
            <p class="text-sm">
              <span>3:39:43 AM</span> / <span>00:00:00:520</span>
              <span class="badge pass-bg log float-right">Pass</span>
            </p>
          </div>
          <div class="test-contents d-none">
<div class="detail-head">
<div class="p-v-10">
<div class="info">
<h5 class="test-status text-pass">Login API</h5>
<span class='badge badge-success'>01.04.2025 3:39:43 AM</span>
<span class='badge badge-danger'>01.04.2025 3:39:44 AM</span>
<span class='badge badge-default'>00:00:00:520</span>
&middot; <span class='uri-anchor badge badge-default'>#test-id=48</span>
<span title='Skip to the next failed step' class='badge badge-danger pointer float-right ne ml-1'><i class="fa fa-fast-forward"></i></span>
<span title='Collapse all nodes' class='badge badge-default pointer float-right ct ml-1'><i class="fa fa-compress"></i></span>
<span title='Expand all nodes' class='badge badge-default pointer float-right et'><i class="fa fa-expand"></i></span>
</div>
<div class="m-t-10 m-l-5"></div>
</div>
</div>
<div class="accordion mt-4">
  <div class="card">
    <div class="card-header" role="tab">
      <div class="card-title">
        <div class="node" id="49"><span class="badge log pass-bg mr-2">Pass</span>Verify login API is working</div>
      </div>
    </div>
        <div class="collapse">
          <div class="card-body">
              <div class="step pass-bg" title="api.stepDefinitions.LoginApiStep.setBaseUri(java.lang.String)">
                <span>Given the base URI is "http://64.227.160.186:8080"</span>
      <div>
      </div>
              </div>
              <div class="step pass-bg" title="api.stepDefinitions.LoginApiStep.sendLoginRequest(java.lang.String,java.lang.String)">
                <span>When the user sends a login request with username "uday1234" and password "uday1234"</span>
      <div>
      </div>
              </div>
              <div class="step pass-bg" title="api.stepDefinitions.LoginApiStep.verifyResponseStatusCode(java.lang.Integer)">
                <span>Then the status code should be 200</span>
      <div>
      </div>
              </div>
              <div class="step pass-bg" title="api.stepDefinitions.LoginApiStep.verifyResponseToken()">
                <span>And the response should contain a valid token</span>
      <div>
      </div>
              </div>
              <div class="step pass-bg" title="api.stepDefinitions.LoginApiStep.verifyResponseUsername(java.lang.String)">
                <span>And the response should have the correct username "uday1234"</span>
      <div>
      </div>
              </div>
          </div>
        </div>
  </div>
</div>
          </div>
        </li>
        <li class="test-item"  status="fail" test-id="55"
          author=""
          tag=""
          device="">
          <div class="test-detail">
            <p class="name">Update User Profile</p>
            <p class="text-sm">
              <span>3:39:44 AM</span> / <span>00:00:00:953</span>
              <span class="badge fail-bg log float-right">Fail</span>
            </p>
          </div>
          <div class="test-contents d-none">
<div class="detail-head">
<div class="p-v-10">
<div class="info">
<h5 class="test-status text-fail">Update User Profile</h5>
<span class='badge badge-success'>01.04.2025 3:39:44 AM</span>
<span class='badge badge-danger'>01.04.2025 3:39:45 AM</span>
<span class='badge badge-default'>00:00:00:953</span>
&middot; <span class='uri-anchor badge badge-default'>#test-id=55</span>
<span title='Skip to the next failed step' class='badge badge-danger pointer float-right ne ml-1'><i class="fa fa-fast-forward"></i></span>
<span title='Collapse all nodes' class='badge badge-default pointer float-right ct ml-1'><i class="fa fa-compress"></i></span>
<span title='Expand all nodes' class='badge badge-default pointer float-right et'><i class="fa fa-expand"></i></span>
</div>
<div class="m-t-10 m-l-5"></div>
</div>
</div>
<div class="accordion mt-4">
  <div class="card">
    <div class="card-header" role="tab">
      <div class="card-title">
        <div class="node" id="56"><span class="badge log fail-bg mr-2">Fail</span>Verify user can update their profile information successfully</div>
      </div>
    </div>
        <div class="">
          <div class="card-body">
              <div class="step pass-bg" title="api.stepDefinitions.GetProfileStep.theUserLogsInWithUsernameAndPassword(java.lang.String,java.lang.String)">
                <span>Given the user logs in with username "dikeje123" and password "viraaj123"</span>
      <div>
      </div>
              </div>
              <div class="step pass-bg" title="api.stepDefinitions.UpdateProfileStep.the_user_retrieves_their_profile_information()">
                <span>When the user retrieves their profile information</span>
      <div>
      </div>
              </div>
              <div class="step fail-bg" title="api.stepDefinitions.UpdateProfileStep.the_username_in_the_profile_should_be(java.lang.String)">
                <span>Then the username in the profile should be "dikeje123"</span>
      <div>
        <textarea disabled class="code-block">java.lang.AssertionError: expected [dikeje123] but found [null]
	at org.testng.Assert.fail(Assert.java:111)
	at org.testng.Assert.failNotEquals(Assert.java:1578)
	at org.testng.Assert.assertEqualsImpl(Assert.java:150)
	at org.testng.Assert.assertEquals(Assert.java:132)
	at org.testng.Assert.assertEquals(Assert.java:656)
	at org.testng.Assert.assertEquals(Assert.java:666)
	at api.stepDefinitions.UpdateProfileStep.the_username_in_the_profile_should_be(UpdateProfileStep.java:31)
	at ✽.the username in the profile should be "dikeje123"(file:///home/runner/work/SeleniumCucumberFramework/SeleniumCucumberFramework/src/test/resources/api/features/UpdateProfile.feature:6)
</textarea>
      
      </div>
              </div>
              <div class="step skip-bg" title="api.stepDefinitions.UpdateProfileStep.the_user_updates_their_profile_with_first_name_last_name_email_and_mobile_number(java.lang.String,java.lang.String,java.lang.String,java.lang.String)">
                <span>When the user updates their profile with first name "Kklem", last name "Mojo", email "xipepo1298@matmayer.com", and mobile number "6314186202"</span>
      <div>Step skipped
      </div>
              </div>
              <div class="step skip-bg" title="api.stepDefinitions.UpdateProfileStep.the_profile_should_be_updated_with_first_name_last_name_email_and_mobile_number(java.lang.String,java.lang.String,java.lang.String,java.lang.String)">
                <span>Then the profile should be updated with first name "Kklem", last name "Mojo", email "xipepo1298@matmayer.com", and mobile number "6314186202"</span>
      <div>Step skipped
      </div>
              </div>
          </div>
        </div>
  </div>
</div>
          </div>
        </li>
        <li class="test-item"  status="fail" test-id="89"
          author=""
          tag=""
          device="">
          <div class="test-detail">
            <p class="name">My Account Page Functionality</p>
            <p class="text-sm">
              <span>3:39:48 AM</span> / <span>00:00:03:171</span>
              <span class="badge fail-bg log float-right">Fail</span>
            </p>
          </div>
          <div class="test-contents d-none">
<div class="detail-head">
<div class="p-v-10">
<div class="info">
<h5 class="test-status text-fail">My Account Page Functionality</h5>
<span class='badge badge-success'>01.04.2025 3:39:48 AM</span>
<span class='badge badge-danger'>01.04.2025 3:39:51 AM</span>
<span class='badge badge-default'>00:00:03:171</span>
&middot; <span class='uri-anchor badge badge-default'>#test-id=89</span>
<span title='Skip to the next failed step' class='badge badge-danger pointer float-right ne ml-1'><i class="fa fa-fast-forward"></i></span>
<span title='Collapse all nodes' class='badge badge-default pointer float-right ct ml-1'><i class="fa fa-compress"></i></span>
<span title='Expand all nodes' class='badge badge-default pointer float-right et'><i class="fa fa-expand"></i></span>
</div>
<div class="m-t-10 m-l-5"></div>
</div>
</div>
<div class="accordion mt-4">
  <div class="card">
    <div class="card-header" role="tab">
      <div class="card-title">
        <div class="node" id="90"><span class="badge log fail-bg mr-2">Fail</span>Verify user see username on My Account Page</div>
      </div>
    </div>
        <div class="scenario_outline ">
            <div class="card-body l1">
              <div class="card-header">
                <div class="card-title outline-child">
                  <div class="node" id="91"><span class="badge log fail-bg mr-2">Fail</span>Verify user see username on My Account Page</div>
                </div>
              </div>
              <div class="card-body mt-3 ">
                  <div class="step fail-bg">
                    <span>ui.stepDefinitions.Hooks.initializeTest(io.cucumber.java.Scenario)</span>
      <div>
        <textarea disabled class="code-block">org.openqa.selenium.SessionNotCreatedException: Could not start a new session. Response code 500. Message: All minutes for this organization has been exhausted 
Host info: host: 'fv-az777-260', ip: '10.1.0.70'
Build info: version: '4.26.0', revision: '8ccf0219d7'
System info: os.name: 'Linux', os.arch: 'amd64', os.version: '6.5.0-1025-azure', java.version: '21.0.5'
Driver info: org.openqa.selenium.remote.RemoteWebDriver
Command: [null, newSession {capabilities=[Capabilities {LT:Options: {accessKey: qcAAZkom4NiVZaRidReoCUJtD94..., build: Selenium Cucumber, name: Verify user see username on..., platformName: Windows 10, seCdp: true, selenium_version: 4.23.0, user: ankitqatechie}, browserName: chrome, browserVersion: 127}]}]
Capabilities {LT:Options: {accessKey: qcAAZkom4NiVZaRidReoCUJtD94..., build: Selenium Cucumber, name: Verify user see username on..., platformName: Windows 10, seCdp: true, selenium_version: 4.23.0, user: ankitqatechie}, browserName: chrome, browserVersion: 127}
	at org.openqa.selenium.remote.ProtocolHandshake.createSession(ProtocolHandshake.java:114)
	at org.openqa.selenium.remote.ProtocolHandshake.createSession(ProtocolHandshake.java:75)
	at org.openqa.selenium.remote.ProtocolHandshake.createSession(ProtocolHandshake.java:61)
	at org.openqa.selenium.remote.HttpCommandExecutor.execute(HttpCommandExecutor.java:162)
	at org.openqa.selenium.remote.TracedCommandExecutor.execute(TracedCommandExecutor.java:53)
	at org.openqa.selenium.remote.RemoteWebDriver.execute(RemoteWebDriver.java:545)
	at org.openqa.selenium.remote.RemoteWebDriver.startSession(RemoteWebDriver.java:245)
	at org.openqa.selenium.remote.RemoteWebDriver.<init>(RemoteWebDriver.java:174)
	at org.openqa.selenium.remote.RemoteWebDriver.<init>(RemoteWebDriver.java:152)
	at ui.utility.LambdaTestUtility.initializeLambdaTestSession(LambdaTestUtility.java:41)
	at ui.stepDefinitions.TestBase.setup(TestBase.java:21)
	at ui.stepDefinitions.Hooks.initializeTest(Hooks.java:19)
</textarea>
      
      </div>
                  </div>
                  <div class="step skip-bg">
                    <span>Given user navigate to HomePage page</span>
      <div>Step skipped
      </div>
                  </div>
                  <div class="step skip-bg">
                    <span>When user click on login link</span>
      <div>Step skipped
      </div>
                  </div>
                  <div class="step skip-bg">
                    <span>And the user is on the login page</span>
      <div>Step skipped
      </div>
                  </div>
                  <div class="step skip-bg">
                    <span>When user enters valid "bajoy99768@inikale.com" and "Pass123" credentials</span>
      <div>Step skipped
      </div>
                  </div>
                  <div class="step skip-bg">
                    <span>Then user click login button</span>
      <div>Step skipped
      </div>
                  </div>
                  <div class="step skip-bg">
                    <span>And user able to see user name on my account page</span>
      <div>Step skipped
      </div>
                  </div>
              </div>
            </div>
        </div>
  </div>
</div>
          </div>
        </li>
      </ul>
    </div>
  </div>
<div class="test-content scrollable">
<div class="test-content-tools">
<ul><li><a class="back-to-test" href="#"><i class="fa fa-arrow-left"></i></a></li></ul>
</div>
<div class="test-content-detail"><div class="detail-body"></div></div>
</div></div>
<div class="test-wrapper row view exception-view attributes-view">
<div class="test-list">
<div class="test-list-tools">
<ul class="tools pull-left"><li><a href=""><span class="font-size-14">Exception</span></a></li></ul>
<ul class="tools text-right"><li><a href="#"><span class="badge badge-primary">3</span></a></li></ul>
</div>
<div class="test-list-wrapper scrollable">
<ul class="test-list-item">
<li class="test-item">
<div class="test-detail">
<span class="meta">
<span class='badge log badge-danger'>1</span>
</span>
<p class="name">java.lang.NullPointerException</p>
<p class="duration text-sm">1 tests</p>
</div>
<div class="test-contents d-none">
<div class="info">
<h4>java.lang.NullPointerException</h4>
<span status="fail" class='badge log badge-danger'>1 failed</span>
</div>
<table class='table table-sm mt-4'>
<thead>
<tr>
<th class="status-col">Status</th>
<th class="timestamp-col">Timestamp</th>
<th>TestName</th>
</tr>
</thead>
<tbody>
<tr class="tag-test-status" status="fail">
<td><span class="badge log fail-bg">Fail</span></td>
<td>03:39:43 AM</td>
<td>
<a href="#" class="linked" test-id='42' id='47'>And the status code should be 200</a>
<div class="">
<span class="badge badge-default">Get User Profile API.Verify if Get Profile API is working.And the status code should be 200</span>
</div>
</td>
</tr>
</tbody>
</table>
</div>
</li>
<li class="test-item">
<div class="test-detail">
<span class="meta">
<span class='badge log badge-danger'>6</span>
</span>
<p class="name">java.lang.AssertionError</p>
<p class="duration text-sm">6 tests</p>
</div>
<div class="test-contents d-none">
<div class="info">
<h4>java.lang.AssertionError</h4>
<span status="fail" class='badge log badge-danger'>6 failed</span>
</div>
<table class='table table-sm mt-4'>
<thead>
<tr>
<th class="status-col">Status</th>
<th class="timestamp-col">Timestamp</th>
<th>TestName</th>
</tr>
</thead>
<tbody>
<tr class="tag-test-status" status="fail">
<td><span class="badge log fail-bg">Fail</span></td>
<td>03:39:39 AM</td>
<td>
<a href="#" class="linked" test-id='2' id='8'>Then the API should return a success message "User registered successfully!"</a>
<div class="">
<span class="badge badge-default">Account Creation API.Verify if Account Creation API is working.Then the API should return a success message "User registered successfully!"</span>
</div>
</td>
</tr>
<tr class="tag-test-status" status="fail">
<td><span class="badge log fail-bg">Fail</span></td>
<td>03:39:39 AM</td>
<td>
<a href="#" class="linked" test-id='2' id='13'>Then the API should return a success message "User registered successfully!"</a>
<div class="">
<span class="badge badge-default">Account Creation API.Verify if Account Creation API is working.Then the API should return a success message "User registered successfully!"</span>
</div>
</td>
</tr>
<tr class="tag-test-status" status="fail">
<td><span class="badge log fail-bg">Fail</span></td>
<td>03:39:40 AM</td>
<td>
<a href="#" class="linked" test-id='2' id='18'>Then the API should return a success message "User registered successfully!"</a>
<div class="">
<span class="badge badge-default">Account Creation API.Verify if Account Creation API is working.Then the API should return a success message "User registered successfully!"</span>
</div>
</td>
</tr>
<tr class="tag-test-status" status="fail">
<td><span class="badge log fail-bg">Fail</span></td>
<td>03:39:40 AM</td>
<td>
<a href="#" class="linked" test-id='2' id='23'>Then the API should return a success message "User registered successfully!"</a>
<div class="">
<span class="badge badge-default">Account Creation API.Verify if Account Creation API is working.Then the API should return a success message "User registered successfully!"</span>
</div>
</td>
</tr>
<tr class="tag-test-status" status="fail">
<td><span class="badge log fail-bg">Fail</span></td>
<td>03:39:42 AM</td>
<td>
<a href="#" class="linked" test-id='25' id='40'>Then the API should return a success message for forgot password "If your email exists in our system, you will receive reset instructions."</a>
<div class="">
<span class="badge badge-default">Forgot Password API.Verify if Forgot Password API is working.Then the API should return a success message for forgot password "If your email exists in our system, you will receive reset instructions."</span>
</div>
</td>
</tr>
<tr class="tag-test-status" status="fail">
<td><span class="badge log fail-bg">Fail</span></td>
<td>03:39:45 AM</td>
<td>
<a href="#" class="linked" test-id='55' id='73'>Then the username in the profile should be "dikeje123"</a>
<div class="">
<span class="badge badge-default">Update User Profile.Verify user can update their profile information successfully.Then the username in the profile should be "dikeje123"</span>
</div>
</td>
</tr>
</tbody>
</table>
</div>
</li>
<li class="test-item">
<div class="test-detail">
<span class="meta">
<span class='badge log badge-danger'>4</span>
</span>
<p class="name">org.openqa.selenium.SessionNotCreatedException</p>
<p class="duration text-sm">4 tests</p>
</div>
<div class="test-contents d-none">
<div class="info">
<h4>org.openqa.selenium.SessionNotCreatedException</h4>
<span status="fail" class='badge log badge-danger'>4 failed</span>
</div>
<table class='table table-sm mt-4'>
<thead>
<tr>
<th class="status-col">Status</th>
<th class="timestamp-col">Timestamp</th>
<th>TestName</th>
</tr>
</thead>
<tbody>
<tr class="tag-test-status" status="fail">
<td><span class="badge log fail-bg">Fail</span></td>
<td>03:39:37 AM</td>
<td>
<a href="#" class="linked" test-id='1' id='5'>ui.stepDefinitions.Hooks.initializeTest(io.cucumber.java.Scenario)</a>
<div class="">
<span class="badge badge-default">Home page.Verify user able to land on the Home page successfully.ui.stepDefinitions.Hooks.initializeTest(io.cucumber.java.Scenario)</span>
</div>
</td>
</tr>
<tr class="tag-test-status" status="fail">
<td><span class="badge log fail-bg">Fail</span></td>
<td>03:39:41 AM</td>
<td>
<a href="#" class="linked" test-id='36' id='39'>ui.stepDefinitions.Hooks.initializeTest(io.cucumber.java.Scenario)</a>
<div class="">
<span class="badge badge-default">Login Functionality.Verify user log in with valid credentials.ui.stepDefinitions.Hooks.initializeTest(io.cucumber.java.Scenario)</span>
</div>
</td>
</tr>
<tr class="tag-test-status" status="fail">
<td><span class="badge log fail-bg">Fail</span></td>
<td>03:39:44 AM</td>
<td>
<a href="#" class="linked" test-id='36' id='72'>ui.stepDefinitions.Hooks.initializeTest(io.cucumber.java.Scenario)</a>
<div class="">
<span class="badge badge-default">Login Functionality.Verify user cannot log in with invalid credentials.ui.stepDefinitions.Hooks.initializeTest(io.cucumber.java.Scenario)</span>
</div>
</td>
</tr>
<tr class="tag-test-status" status="fail">
<td><span class="badge log fail-bg">Fail</span></td>
<td>03:39:48 AM</td>
<td>
<a href="#" class="linked" test-id='89' id='92'>ui.stepDefinitions.Hooks.initializeTest(io.cucumber.java.Scenario)</a>
<div class="">
<span class="badge badge-default">My Account Page Functionality.Verify user see username on My Account Page.ui.stepDefinitions.Hooks.initializeTest(io.cucumber.java.Scenario)</span>
</div>
</td>
</tr>
</tbody>
</table>
</div>
</li>
</ul>
</div>
</div>
<div class="test-content scrollable">
<div class="test-content-detail">
<div class="detail-body"></div>
</div>
</div>
</div><div class="container-fluid p-4 view dashboard-view">
<div class="row">
<div class="col-md-3">
<div class="card"><div class="card-body">
<p class="m-b-0">Started</p>
<h3>Jan 4, 2025 03:39:36 AM</h3>
</div></div>
</div>
<div class="col-md-3">
<div class="card"><div class="card-body">
<p class="m-b-0">Ended</p>
<h3>Jan 4, 2025 03:39:51 AM</h3>
</div></div>
</div>
<div class="col-md-3">
<div class="card"><div class="card-body">
<p class="m-b-0 text-pass">Features Passed</p>
<h3>1</h3>
</div></div>
</div>
<div class="col-md-3">
<div class="card"><div class="card-body">
<p class="m-b-0 text-fail">Features Failed</p>
<h3>7</h3>
</div></div>
</div>
</div>
<div class="row">
<div class="col-md-4">
<div class="card">
<div class="card-header">
<h6 class="card-title">Features</h6>
</div>
<div class="card-body">
<div class="">
<canvas id='parent-analysis' width='115' height='90'></canvas>
</div>
</div>
<div class="card-footer">
<div><small data-tooltip='12%'>
<b>1</b> features passed
</small>
</div>
<div>
<small data-tooltip='87%'><b>7</b> features failed,
<b>0</b> skipped, <b data-tooltip='0%'>0</b> others
</small>
</div>
</div>
</div>
</div>
<div class="col-md-4">
<div class="card">
<div class="card-header">
<h6 class="card-title">Scenarios</h6>
</div>
<div class="card-body">
<div class="">
<canvas id='child-analysis' width='115' height='90'></canvas>
</div>
</div>
<div class="card-footer">
<div><small data-tooltip='8%'><b>1</b> scenarios passed</small></div>
<div>
<small data-tooltip='91%'><b>11</b> scenarios failed,
<b>0</b> skipped, <b data-tooltip='%'>0</b> others
</small>
</div>
</div>
</div>
</div>
<div class="col-md-4">
<div class="card">
<div class="card-header">
<h6 class="card-title">Steps</h6>
</div>
<div class="card-body">
<div class="">
<canvas id='grandchild-analysis' width='115' height='90'></canvas>
</div>
</div>
<div class="card-footer">
<div><small data-tooltip='34%'><b>20</b> steps passed</small></div>
<div>
<small data-tooltip='18%'><b>11</b> steps failed,
<b>27</b> skipped, <b data-tooltip='%'>0</b> others
</small>
</div>
</div>
</div>
</div>
</div>
<div class="row"><div class="col-md-12">
<div class="card"><div class="card-header"><p>Timeline</p></div>
<div class="card-body pt-0"><div>
<canvas id="timeline" height="120"></canvas>
</div></div>
</div>
</div></div>
<script>
var timeline = {
"Account Creation API":2.984,"Home page":4.366,"Forgot Password API":2.322,"Login Functionality":6.255,"Get User Profile API":0.993,"Login API":0.52,"Update User Profile":0.953,"My Account Page Functionality":3.171
};
</script>
<div class="row">
</div>
</div>
<script>
var statusGroup = {
parentCount: 5,
passParent: 1,
failParent: 7,
warningParent: 0,
skipParent: 0,
childCount: 5,
passChild: 1,
failChild: 11,
warningChild: 0,
skipChild: 0,
infoChild: 0,
grandChildCount: 5,
passGrandChild: 20,
failGrandChild: 11,
warningGrandChild: 0,
skipGrandChild: 27,
infoGrandChild: 0,
eventsCount: 5,
};
</script>        </div>
      </div>
    </div>
  </div>
<script src="https://cdn.jsdelivr.net/gh/extent-framework/extent-github-cdn@c05cd28cde1617b9d0c05a831daff6cb97fd9fd5/spark/js/spark-script.js"></script>
<script type="text/javascript"></script></body>
</html>