

<!DOCTYPE html>
<html>
<head>
<meta charset="UTF-8">
<meta name="viewport" content="width=device-width, initial-scale=1, shrink-to-fit=no">
<title></title>
<link rel="apple-touch-icon" href="https://cdn.jsdelivr.net/gh/extent-framework/extent-github-cdn@b00a2d0486596e73dd7326beacf352c639623a0e/commons/img/logo.png">
<link rel="shortcut icon" href="https://cdn.jsdelivr.net/gh/extent-framework/extent-github-cdn@b00a2d0486596e73dd7326beacf352c639623a0e/commons/img/logo.png">
<link href="https://cdn.jsdelivr.net/gh/extent-framework/extent-github-cdn@ce8b10435bcbae260c334c0d0c6b61d2c19b6168/spark/css/spark-style.css" rel="stylesheet" />
<link href="https://stackpath.bootstrapcdn.com/font-awesome/4.7.0/css/font-awesome.min.css" rel="stylesheet">
<script src="https://cdn.jsdelivr.net/gh/extent-framework/extent-github-cdn@7cc78ce/spark/js/jsontree.js"></script>
<style type="text/css"></style></head><body class="spa bdd-report standard">
  <div class="app">
    <div class="layout">
<div class="header navbar">
<div class="vheader">
<div class="nav-logo">
<a href="#">
<div class="logo" style="background-image: url('https://cdn.jsdelivr.net/gh/extent-framework/extent-github-cdn@b00a2d0486596e73dd7326beacf352c639623a0e/commons/img/logo.png')"></div>
</a>
</div>
<ul class="nav-left">
<li class="search-box">
<a class="search-toggle" href="#">
<i class="search-icon fa fa-search"></i>
<i class="search-icon-close fa fa-close"></i>
</a>
</li>
<li class="search-input"><input id="search-tests" class="form-control" type="text" placeholder="Search..."></li>
</ul>
<ul class="nav-right">
<li class="m-r-10">
<a href="#"><span class="badge badge-primary"></span></a>
</li>
<li class="m-r-10">
<a href="#"><span class="badge badge-primary">Dec 25, 2024 03:39:45 AM</span></a>
</li>
</ul>
</div>
</div><div class="side-nav">
<div class="side-nav-inner">
<ul class="side-nav-menu">
<li class="nav-item dropdown" onclick="toggleView('test-view')">
<a id="nav-test" class="dropdown-toggle" href="#">
<span class="ico"><i class="fa fa-list"></i></span>
</a>
</li>
<li class="nav-item dropdown" onclick="toggleView('exception-view')">
<a id="nav-exception" class="dropdown-toggle" href="#">
<span class="ico"><i class="fa fa-bug"></i></span>
</a>
</li>
<li class="nav-item dropdown" onclick="toggleView('dashboard-view')">
<a id="nav-dashboard" class="dropdown-toggle" href="#">
<span class="ico"><i class="fa fa-bar-chart"></i></span>
</a>
</li>
</ul>
</div>
</div>      <div class="vcontainer">
        <div class="main-content">
<div class="test-wrapper row view test-view">
  <div class="test-list">
    <div class="test-list-tools">
<ul class="tools pull-left">
<li><a href="#"><span class="font-size-14">Tests</span></a></li>
</ul>
<ul class="tools text-right">
<li class="dropdown">
<a href="#" class="dropdown-toggle" data-toggle="dropdown"><i class="fa fa-exclamation-circle"></i></a>
<ul id="status-toggle" class="dropdown-menu dropdown-md p-v-0">
<a class="dropdown-item" status="fail" href="#"><span>Fail</span><span class="status danger"></span></a>
<div class="dropdown-divider"></div>
<a status="clear" class="dropdown-item" href="#"><span>Clear</span><span class="pull-right"><i class="fa fa-close"></i></span></a>
</ul>
</li>
</ul>
</div>    <div class="test-list-wrapper scrollable">
      <ul class="test-list-item">
        <li class="test-item"  status="fail" test-id="1"
          author=""
          tag=""
          device="">
          <div class="test-detail">
            <p class="name">Home page</p>
            <p class="text-sm">
              <span>3:39:46 AM</span> / <span>00:09:01:798</span>
              <span class="badge fail-bg log float-right">Fail</span>
            </p>
          </div>
          <div class="test-contents d-none">
<div class="detail-head">
<div class="p-v-10">
<div class="info">
<h5 class="test-status text-fail">Home page</h5>
<span class='badge badge-success'>12.25.2024 3:39:46 AM</span>
<span class='badge badge-danger'>12.25.2024 3:48:48 AM</span>
<span class='badge badge-default'>00:09:01:798</span>
&middot; <span class='uri-anchor badge badge-default'>#test-id=1</span>
<span title='Skip to the next failed step' class='badge badge-danger pointer float-right ne ml-1'><i class="fa fa-fast-forward"></i></span>
<span title='Collapse all nodes' class='badge badge-default pointer float-right ct ml-1'><i class="fa fa-compress"></i></span>
<span title='Expand all nodes' class='badge badge-default pointer float-right et'><i class="fa fa-expand"></i></span>
</div>
<div class="m-t-10 m-l-5"></div>
</div>
</div>
<div class="accordion mt-4">
  <div class="card">
    <div class="card-header" role="tab">
      <div class="card-title">
        <div class="node" id="2"><span class="badge log fail-bg mr-2">Fail</span>Verify user able to land on the Home page successfully</div>
      </div>
    </div>
        <div class="">
          <div class="card-body">
              <div class="step fail-bg" title="BEFORE">
                <span>stepDefinitions.Hooks.initializeTest(io.cucumber.java.Scenario)</span>
      <div>
        <textarea disabled class="code-block">org.openqa.selenium.WebDriverException: unknown error: net::ERR_CONNECTION_TIMED_OUT
  (Session info: chrome-headless-shell=131.0.6778.139)
Build info: version: '4.26.0', revision: '8ccf0219d7'
System info: os.name: 'Linux', os.arch: 'amd64', os.version: '6.5.0-1025-azure', java.version: '21.0.5'
Driver info: org.openqa.selenium.chrome.ChromeDriver
Command: [5eb7dc1a960bc189fdb6b355d4d8e71d, get {url=https://www.automationpractice.pl}]
Capabilities {acceptInsecureCerts: false, browserName: chrome-headless-shell, browserVersion: 131.0.6778.139, chrome: {chromedriverVersion: 131.0.6778.108 (3b014839fbc..., userDataDir: /tmp/.org.chromium.Chromium...}, fedcm:accounts: true, goog:chromeOptions: {debuggerAddress: localhost:42031}, networkConnectionEnabled: false, pageLoadStrategy: normal, platformName: linux, proxy: Proxy(), se:cdp: ws://localhost:42031/devtoo..., se:cdpVersion: 131.0.6778.139, setWindowRect: true, strictFileInteractability: false, timeouts: {implicit: 0, pageLoad: 300000, script: 30000}, unhandledPromptBehavior: dismiss and notify, webauthn:extension:credBlob: true, webauthn:extension:largeBlob: true, webauthn:extension:minPinLength: true, webauthn:extension:prf: true, webauthn:virtualAuthenticators: true}
Session ID: 5eb7dc1a960bc189fdb6b355d4d8e71d
	at java.base/jdk.internal.reflect.DirectConstructorHandleAccessor.newInstance(DirectConstructorHandleAccessor.java:62)
	at java.base/java.lang.reflect.Constructor.newInstanceWithCaller(Constructor.java:502)
	at java.base/java.lang.reflect.Constructor.newInstance(Constructor.java:486)
	at org.openqa.selenium.remote.ErrorCodec.decode(ErrorCodec.java:167)
	at org.openqa.selenium.remote.codec.w3c.W3CHttpResponseCodec.decode(W3CHttpResponseCodec.java:138)
	at org.openqa.selenium.remote.codec.w3c.W3CHttpResponseCodec.decode(W3CHttpResponseCodec.java:50)
	at org.openqa.selenium.remote.HttpCommandExecutor.execute(HttpCommandExecutor.java:190)
	at org.openqa.selenium.remote.service.DriverCommandExecutor.invokeExecute(DriverCommandExecutor.java:216)
	at org.openqa.selenium.remote.service.DriverCommandExecutor.execute(DriverCommandExecutor.java:174)
	at org.openqa.selenium.remote.RemoteWebDriver.execute(RemoteWebDriver.java:545)
	at org.openqa.selenium.remote.RemoteWebDriver.get(RemoteWebDriver.java:313)
	at utility.BrowserUtility.goToWebsite(BrowserUtility.java:135)
	at pages.HomePage.<init>(HomePage.java:32)
	at stepDefinitions.TestBase.setup(TestBase.java:26)
	at stepDefinitions.Hooks.initializeTest(Hooks.java:25)
</textarea>
      
      </div>
              </div>
              <div class="step skip-bg" title="stepDefinitions.HomePageSteps.userNavigateToHomePagePage()">
                <span>Given user navigate to HomePage page</span>
      <div>Step skipped
      </div>
              </div>
              <div class="step skip-bg" title="stepDefinitions.HomePageSteps.userShouldBeAbleToViewTheHomePageUIWithWebElements(io.cucumber.datatable.DataTable)">
                <span>When user should be able to view the Home Page UI with web elements</span>
      <div><table class='markup-table table '><tr><td>Home Page Logo</td></tr><tr><td>View My Cart</td></tr><tr><td>Search Text Box</td></tr><tr><td>Login Link</td></tr><tr><td>Contact Us Link</td></tr></table>
      </div>
      <div>Step skipped
      </div>
              </div>
              <div class="step skip-bg" title="stepDefinitions.HomePageSteps.userClickOnLoginLink()">
                <span>Then user click on login link</span>
      <div>Step skipped
      </div>
              </div>
          </div>
        </div>
  </div>
  <div class="card">
    <div class="card-header" role="tab">
      <div class="card-title">
        <div class="node" id="11"><span class="badge log fail-bg mr-2">Fail</span>Verify user able to land on the Home page successfully</div>
      </div>
    </div>
        <div class="">
          <div class="card-body">
              <div class="step fail-bg" title="BEFORE">
                <span>stepDefinitions.Hooks.initializeTest(io.cucumber.java.Scenario)</span>
      <div>
        <textarea disabled class="code-block">org.openqa.selenium.WebDriverException: unknown error: net::ERR_CONNECTION_TIMED_OUT
  (Session info: chrome-headless-shell=131.0.6778.139)
Build info: version: '4.26.0', revision: '8ccf0219d7'
System info: os.name: 'Linux', os.arch: 'amd64', os.version: '6.5.0-1025-azure', java.version: '21.0.5'
Driver info: org.openqa.selenium.chrome.ChromeDriver
Command: [92a9cbd5fd751412aff5f972bafcee52, get {url=https://www.automationpractice.pl}]
Capabilities {acceptInsecureCerts: false, browserName: chrome-headless-shell, browserVersion: 131.0.6778.139, chrome: {chromedriverVersion: 131.0.6778.108 (3b014839fbc..., userDataDir: /tmp/.org.chromium.Chromium...}, fedcm:accounts: true, goog:chromeOptions: {debuggerAddress: localhost:36931}, networkConnectionEnabled: false, pageLoadStrategy: normal, platformName: linux, proxy: Proxy(), se:cdp: ws://localhost:36931/devtoo..., se:cdpVersion: 131.0.6778.139, setWindowRect: true, strictFileInteractability: false, timeouts: {implicit: 0, pageLoad: 300000, script: 30000}, unhandledPromptBehavior: dismiss and notify, webauthn:extension:credBlob: true, webauthn:extension:largeBlob: true, webauthn:extension:minPinLength: true, webauthn:extension:prf: true, webauthn:virtualAuthenticators: true}
Session ID: 92a9cbd5fd751412aff5f972bafcee52
	at java.base/jdk.internal.reflect.DirectConstructorHandleAccessor.newInstance(DirectConstructorHandleAccessor.java:62)
	at java.base/java.lang.reflect.Constructor.newInstanceWithCaller(Constructor.java:502)
	at java.base/java.lang.reflect.Constructor.newInstance(Constructor.java:486)
	at org.openqa.selenium.remote.ErrorCodec.decode(ErrorCodec.java:167)
	at org.openqa.selenium.remote.codec.w3c.W3CHttpResponseCodec.decode(W3CHttpResponseCodec.java:138)
	at org.openqa.selenium.remote.codec.w3c.W3CHttpResponseCodec.decode(W3CHttpResponseCodec.java:50)
	at org.openqa.selenium.remote.HttpCommandExecutor.execute(HttpCommandExecutor.java:190)
	at org.openqa.selenium.remote.service.DriverCommandExecutor.invokeExecute(DriverCommandExecutor.java:216)
	at org.openqa.selenium.remote.service.DriverCommandExecutor.execute(DriverCommandExecutor.java:174)
	at org.openqa.selenium.remote.RemoteWebDriver.execute(RemoteWebDriver.java:545)
	at org.openqa.selenium.remote.RemoteWebDriver.get(RemoteWebDriver.java:313)
	at utility.BrowserUtility.goToWebsite(BrowserUtility.java:135)
	at pages.HomePage.<init>(HomePage.java:32)
	at stepDefinitions.TestBase.setup(TestBase.java:26)
	at stepDefinitions.Hooks.initializeTest(Hooks.java:25)
</textarea>
      
      </div>
              </div>
              <div class="step skip-bg" title="stepDefinitions.HomePageSteps.userNavigateToHomePagePage()">
                <span>Given user navigate to HomePage page</span>
      <div>Step skipped
      </div>
              </div>
              <div class="step skip-bg" title="stepDefinitions.HomePageSteps.userShouldBeAbleToViewTheHomePageUIWithWebElements(io.cucumber.datatable.DataTable)">
                <span>When user should be able to view the Home Page UI with web elements</span>
      <div><table class='markup-table table '><tr><td>Home Page Logo</td></tr><tr><td>View My Cart</td></tr><tr><td>Search Text Box</td></tr><tr><td>Login Link</td></tr><tr><td>Contact Us Link</td></tr></table>
      </div>
      <div>Step skipped
      </div>
              </div>
              <div class="step skip-bg" title="stepDefinitions.HomePageSteps.userClickOnLoginLink()">
                <span>Then user click on login link</span>
      <div>Step skipped
      </div>
              </div>
          </div>
        </div>
  </div>
  <div class="card">
    <div class="card-header" role="tab">
      <div class="card-title">
        <div class="node" id="20"><span class="badge log fail-bg mr-2">Fail</span>Verify user able to land on the Home page successfully</div>
      </div>
    </div>
        <div class="">
          <div class="card-body">
              <div class="step fail-bg" title="BEFORE">
                <span>stepDefinitions.Hooks.initializeTest(io.cucumber.java.Scenario)</span>
      <div>
        <textarea disabled class="code-block">org.openqa.selenium.WebDriverException: unknown error: net::ERR_CONNECTION_TIMED_OUT
  (Session info: chrome-headless-shell=131.0.6778.139)
Build info: version: '4.26.0', revision: '8ccf0219d7'
System info: os.name: 'Linux', os.arch: 'amd64', os.version: '6.5.0-1025-azure', java.version: '21.0.5'
Driver info: org.openqa.selenium.chrome.ChromeDriver
Command: [0d2e70c41c2320db299709292f379751, get {url=https://www.automationpractice.pl}]
Capabilities {acceptInsecureCerts: false, browserName: chrome-headless-shell, browserVersion: 131.0.6778.139, chrome: {chromedriverVersion: 131.0.6778.108 (3b014839fbc..., userDataDir: /tmp/.org.chromium.Chromium...}, fedcm:accounts: true, goog:chromeOptions: {debuggerAddress: localhost:39171}, networkConnectionEnabled: false, pageLoadStrategy: normal, platformName: linux, proxy: Proxy(), se:cdp: ws://localhost:39171/devtoo..., se:cdpVersion: 131.0.6778.139, setWindowRect: true, strictFileInteractability: false, timeouts: {implicit: 0, pageLoad: 300000, script: 30000}, unhandledPromptBehavior: dismiss and notify, webauthn:extension:credBlob: true, webauthn:extension:largeBlob: true, webauthn:extension:minPinLength: true, webauthn:extension:prf: true, webauthn:virtualAuthenticators: true}
Session ID: 0d2e70c41c2320db299709292f379751
	at java.base/jdk.internal.reflect.DirectConstructorHandleAccessor.newInstance(DirectConstructorHandleAccessor.java:62)
	at java.base/java.lang.reflect.Constructor.newInstanceWithCaller(Constructor.java:502)
	at java.base/java.lang.reflect.Constructor.newInstance(Constructor.java:486)
	at org.openqa.selenium.remote.ErrorCodec.decode(ErrorCodec.java:167)
	at org.openqa.selenium.remote.codec.w3c.W3CHttpResponseCodec.decode(W3CHttpResponseCodec.java:138)
	at org.openqa.selenium.remote.codec.w3c.W3CHttpResponseCodec.decode(W3CHttpResponseCodec.java:50)
	at org.openqa.selenium.remote.HttpCommandExecutor.execute(HttpCommandExecutor.java:190)
	at org.openqa.selenium.remote.service.DriverCommandExecutor.invokeExecute(DriverCommandExecutor.java:216)
	at org.openqa.selenium.remote.service.DriverCommandExecutor.execute(DriverCommandExecutor.java:174)
	at org.openqa.selenium.remote.RemoteWebDriver.execute(RemoteWebDriver.java:545)
	at org.openqa.selenium.remote.RemoteWebDriver.get(RemoteWebDriver.java:313)
	at utility.BrowserUtility.goToWebsite(BrowserUtility.java:135)
	at pages.HomePage.<init>(HomePage.java:32)
	at stepDefinitions.TestBase.setup(TestBase.java:26)
	at stepDefinitions.Hooks.initializeTest(Hooks.java:25)
</textarea>
      
      </div>
              </div>
              <div class="step skip-bg" title="stepDefinitions.HomePageSteps.userNavigateToHomePagePage()">
                <span>Given user navigate to HomePage page</span>
      <div>Step skipped
      </div>
              </div>
              <div class="step skip-bg" title="stepDefinitions.HomePageSteps.userShouldBeAbleToViewTheHomePageUIWithWebElements(io.cucumber.datatable.DataTable)">
                <span>When user should be able to view the Home Page UI with web elements</span>
      <div><table class='markup-table table '><tr><td>Home Page Logo</td></tr><tr><td>View My Cart</td></tr><tr><td>Search Text Box</td></tr><tr><td>Login Link</td></tr><tr><td>Contact Us Link</td></tr></table>
      </div>
      <div>Step skipped
      </div>
              </div>
              <div class="step skip-bg" title="stepDefinitions.HomePageSteps.userClickOnLoginLink()">
                <span>Then user click on login link</span>
      <div>Step skipped
      </div>
              </div>
          </div>
        </div>
  </div>
  <div class="card">
    <div class="card-header" role="tab">
      <div class="card-title">
        <div class="node" id="29"><span class="badge log fail-bg mr-2">Fail</span>Verify user able to land on the Home page successfully</div>
      </div>
    </div>
        <div class="">
          <div class="card-body">
              <div class="step fail-bg" title="BEFORE">
                <span>stepDefinitions.Hooks.initializeTest(io.cucumber.java.Scenario)</span>
      <div>
        <textarea disabled class="code-block">org.openqa.selenium.WebDriverException: unknown error: net::ERR_CONNECTION_TIMED_OUT
  (Session info: chrome-headless-shell=131.0.6778.139)
Build info: version: '4.26.0', revision: '8ccf0219d7'
System info: os.name: 'Linux', os.arch: 'amd64', os.version: '6.5.0-1025-azure', java.version: '21.0.5'
Driver info: org.openqa.selenium.chrome.ChromeDriver
Command: [b32563071746d212365cbf696fa81601, get {url=https://www.automationpractice.pl}]
Capabilities {acceptInsecureCerts: false, browserName: chrome-headless-shell, browserVersion: 131.0.6778.139, chrome: {chromedriverVersion: 131.0.6778.108 (3b014839fbc..., userDataDir: /tmp/.org.chromium.Chromium...}, fedcm:accounts: true, goog:chromeOptions: {debuggerAddress: localhost:38753}, networkConnectionEnabled: false, pageLoadStrategy: normal, platformName: linux, proxy: Proxy(), se:cdp: ws://localhost:38753/devtoo..., se:cdpVersion: 131.0.6778.139, setWindowRect: true, strictFileInteractability: false, timeouts: {implicit: 0, pageLoad: 300000, script: 30000}, unhandledPromptBehavior: dismiss and notify, webauthn:extension:credBlob: true, webauthn:extension:largeBlob: true, webauthn:extension:minPinLength: true, webauthn:extension:prf: true, webauthn:virtualAuthenticators: true}
Session ID: b32563071746d212365cbf696fa81601
	at java.base/jdk.internal.reflect.DirectConstructorHandleAccessor.newInstance(DirectConstructorHandleAccessor.java:62)
	at java.base/java.lang.reflect.Constructor.newInstanceWithCaller(Constructor.java:502)
	at java.base/java.lang.reflect.Constructor.newInstance(Constructor.java:486)
	at org.openqa.selenium.remote.ErrorCodec.decode(ErrorCodec.java:167)
	at org.openqa.selenium.remote.codec.w3c.W3CHttpResponseCodec.decode(W3CHttpResponseCodec.java:138)
	at org.openqa.selenium.remote.codec.w3c.W3CHttpResponseCodec.decode(W3CHttpResponseCodec.java:50)
	at org.openqa.selenium.remote.HttpCommandExecutor.execute(HttpCommandExecutor.java:190)
	at org.openqa.selenium.remote.service.DriverCommandExecutor.invokeExecute(DriverCommandExecutor.java:216)
	at org.openqa.selenium.remote.service.DriverCommandExecutor.execute(DriverCommandExecutor.java:174)
	at org.openqa.selenium.remote.RemoteWebDriver.execute(RemoteWebDriver.java:545)
	at org.openqa.selenium.remote.RemoteWebDriver.get(RemoteWebDriver.java:313)
	at utility.BrowserUtility.goToWebsite(BrowserUtility.java:135)
	at pages.HomePage.<init>(HomePage.java:32)
	at stepDefinitions.TestBase.setup(TestBase.java:26)
	at stepDefinitions.Hooks.initializeTest(Hooks.java:25)
</textarea>
      
      </div>
              </div>
              <div class="step skip-bg" title="stepDefinitions.HomePageSteps.userNavigateToHomePagePage()">
                <span>Given user navigate to HomePage page</span>
      <div>Step skipped
      </div>
              </div>
              <div class="step skip-bg" title="stepDefinitions.HomePageSteps.userShouldBeAbleToViewTheHomePageUIWithWebElements(io.cucumber.datatable.DataTable)">
                <span>When user should be able to view the Home Page UI with web elements</span>
      <div><table class='markup-table table '><tr><td>Home Page Logo</td></tr><tr><td>View My Cart</td></tr><tr><td>Search Text Box</td></tr><tr><td>Login Link</td></tr><tr><td>Contact Us Link</td></tr></table>
      </div>
      <div>Step skipped
      </div>
              </div>
              <div class="step skip-bg" title="stepDefinitions.HomePageSteps.userClickOnLoginLink()">
                <span>Then user click on login link</span>
      <div>Step skipped
      </div>
              </div>
          </div>
        </div>
  </div>
</div>
          </div>
        </li>
        <li class="test-item"  status="fail" test-id="38"
          author=""
          tag=""
          device="">
          <div class="test-detail">
            <p class="name">Login Functionality</p>
            <p class="text-sm">
              <span>3:48:48 AM</span> / <span>00:04:30:321</span>
              <span class="badge fail-bg log float-right">Fail</span>
            </p>
          </div>
          <div class="test-contents d-none">
<div class="detail-head">
<div class="p-v-10">
<div class="info">
<h5 class="test-status text-fail">Login Functionality</h5>
<span class='badge badge-success'>12.25.2024 3:48:48 AM</span>
<span class='badge badge-danger'>12.25.2024 3:53:18 AM</span>
<span class='badge badge-default'>00:04:30:321</span>
&middot; <span class='uri-anchor badge badge-default'>#test-id=38</span>
<span title='Skip to the next failed step' class='badge badge-danger pointer float-right ne ml-1'><i class="fa fa-fast-forward"></i></span>
<span title='Collapse all nodes' class='badge badge-default pointer float-right ct ml-1'><i class="fa fa-compress"></i></span>
<span title='Expand all nodes' class='badge badge-default pointer float-right et'><i class="fa fa-expand"></i></span>
</div>
<div class="m-t-10 m-l-5"></div>
</div>
</div>
<div class="accordion mt-4">
  <div class="card">
    <div class="card-header" role="tab">
      <div class="card-title">
        <div class="node" id="39"><span class="badge log fail-bg mr-2">Fail</span>Verify user log in with valid credentials</div>
      </div>
    </div>
        <div class="scenario_outline ">
            <div class="card-body l1">
              <div class="card-header">
                <div class="card-title outline-child">
                  <div class="node" id="40"><span class="badge log fail-bg mr-2">Fail</span>Verify user log in with valid credentials</div>
                </div>
              </div>
              <div class="card-body mt-3 ">
                  <div class="step fail-bg">
                    <span>stepDefinitions.Hooks.initializeTest(io.cucumber.java.Scenario)</span>
      <div>
        <textarea disabled class="code-block">org.openqa.selenium.WebDriverException: unknown error: net::ERR_CONNECTION_TIMED_OUT
  (Session info: chrome-headless-shell=131.0.6778.139)
Build info: version: '4.26.0', revision: '8ccf0219d7'
System info: os.name: 'Linux', os.arch: 'amd64', os.version: '6.5.0-1025-azure', java.version: '21.0.5'
Driver info: org.openqa.selenium.chrome.ChromeDriver
Command: [2a5682fcdba0632b08c42e714be33421, get {url=https://www.automationpractice.pl}]
Capabilities {acceptInsecureCerts: false, browserName: chrome-headless-shell, browserVersion: 131.0.6778.139, chrome: {chromedriverVersion: 131.0.6778.108 (3b014839fbc..., userDataDir: /tmp/.org.chromium.Chromium...}, fedcm:accounts: true, goog:chromeOptions: {debuggerAddress: localhost:38473}, networkConnectionEnabled: false, pageLoadStrategy: normal, platformName: linux, proxy: Proxy(), se:cdp: ws://localhost:38473/devtoo..., se:cdpVersion: 131.0.6778.139, setWindowRect: true, strictFileInteractability: false, timeouts: {implicit: 0, pageLoad: 300000, script: 30000}, unhandledPromptBehavior: dismiss and notify, webauthn:extension:credBlob: true, webauthn:extension:largeBlob: true, webauthn:extension:minPinLength: true, webauthn:extension:prf: true, webauthn:virtualAuthenticators: true}
Session ID: 2a5682fcdba0632b08c42e714be33421
	at java.base/jdk.internal.reflect.DirectConstructorHandleAccessor.newInstance(DirectConstructorHandleAccessor.java:62)
	at java.base/java.lang.reflect.Constructor.newInstanceWithCaller(Constructor.java:502)
	at java.base/java.lang.reflect.Constructor.newInstance(Constructor.java:486)
	at org.openqa.selenium.remote.ErrorCodec.decode(ErrorCodec.java:167)
	at org.openqa.selenium.remote.codec.w3c.W3CHttpResponseCodec.decode(W3CHttpResponseCodec.java:138)
	at org.openqa.selenium.remote.codec.w3c.W3CHttpResponseCodec.decode(W3CHttpResponseCodec.java:50)
	at org.openqa.selenium.remote.HttpCommandExecutor.execute(HttpCommandExecutor.java:190)
	at org.openqa.selenium.remote.service.DriverCommandExecutor.invokeExecute(DriverCommandExecutor.java:216)
	at org.openqa.selenium.remote.service.DriverCommandExecutor.execute(DriverCommandExecutor.java:174)
	at org.openqa.selenium.remote.RemoteWebDriver.execute(RemoteWebDriver.java:545)
	at org.openqa.selenium.remote.RemoteWebDriver.get(RemoteWebDriver.java:313)
	at utility.BrowserUtility.goToWebsite(BrowserUtility.java:135)
	at pages.HomePage.<init>(HomePage.java:32)
	at stepDefinitions.TestBase.setup(TestBase.java:26)
	at stepDefinitions.Hooks.initializeTest(Hooks.java:25)
</textarea>
      
      </div>
                  </div>
                  <div class="step skip-bg">
                    <span>Given user navigate to HomePage page</span>
      <div>Step skipped
      </div>
                  </div>
                  <div class="step skip-bg">
                    <span>When user click on login link</span>
      <div>Step skipped
      </div>
                  </div>
                  <div class="step skip-bg">
                    <span>And the user is on the login page</span>
      <div>Step skipped
      </div>
                  </div>
                  <div class="step skip-bg">
                    <span>When user enters valid "bajoy99768@inikale.com" and "Pass123" credentials</span>
      <div>Step skipped
      </div>
                  </div>
                  <div class="step skip-bg">
                    <span>Then user click login button</span>
      <div>Step skipped
      </div>
                  </div>
              </div>
            </div>
        </div>
  </div>
  <div class="card">
    <div class="card-header" role="tab">
      <div class="card-title">
        <div class="node" id="53"><span class="badge log fail-bg mr-2">Fail</span>Verify user cannot log in with invalid credentials</div>
      </div>
    </div>
        <div class="scenario_outline ">
            <div class="card-body l1">
              <div class="card-header">
                <div class="card-title outline-child">
                  <div class="node" id="54"><span class="badge log fail-bg mr-2">Fail</span>Verify user cannot log in with invalid credentials</div>
                </div>
              </div>
              <div class="card-body mt-3 ">
                  <div class="step fail-bg">
                    <span>stepDefinitions.Hooks.initializeTest(io.cucumber.java.Scenario)</span>
      <div>
        <textarea disabled class="code-block">org.openqa.selenium.WebDriverException: unknown error: net::ERR_CONNECTION_TIMED_OUT
  (Session info: chrome-headless-shell=131.0.6778.139)
Build info: version: '4.26.0', revision: '8ccf0219d7'
System info: os.name: 'Linux', os.arch: 'amd64', os.version: '6.5.0-1025-azure', java.version: '21.0.5'
Driver info: org.openqa.selenium.chrome.ChromeDriver
Command: [d3700b0f2658f571715737332281d578, get {url=https://www.automationpractice.pl}]
Capabilities {acceptInsecureCerts: false, browserName: chrome-headless-shell, browserVersion: 131.0.6778.139, chrome: {chromedriverVersion: 131.0.6778.108 (3b014839fbc..., userDataDir: /tmp/.org.chromium.Chromium...}, fedcm:accounts: true, goog:chromeOptions: {debuggerAddress: localhost:38069}, networkConnectionEnabled: false, pageLoadStrategy: normal, platformName: linux, proxy: Proxy(), se:cdp: ws://localhost:38069/devtoo..., se:cdpVersion: 131.0.6778.139, setWindowRect: true, strictFileInteractability: false, timeouts: {implicit: 0, pageLoad: 300000, script: 30000}, unhandledPromptBehavior: dismiss and notify, webauthn:extension:credBlob: true, webauthn:extension:largeBlob: true, webauthn:extension:minPinLength: true, webauthn:extension:prf: true, webauthn:virtualAuthenticators: true}
Session ID: d3700b0f2658f571715737332281d578
	at java.base/jdk.internal.reflect.DirectConstructorHandleAccessor.newInstance(DirectConstructorHandleAccessor.java:62)
	at java.base/java.lang.reflect.Constructor.newInstanceWithCaller(Constructor.java:502)
	at java.base/java.lang.reflect.Constructor.newInstance(Constructor.java:486)
	at org.openqa.selenium.remote.ErrorCodec.decode(ErrorCodec.java:167)
	at org.openqa.selenium.remote.codec.w3c.W3CHttpResponseCodec.decode(W3CHttpResponseCodec.java:138)
	at org.openqa.selenium.remote.codec.w3c.W3CHttpResponseCodec.decode(W3CHttpResponseCodec.java:50)
	at org.openqa.selenium.remote.HttpCommandExecutor.execute(HttpCommandExecutor.java:190)
	at org.openqa.selenium.remote.service.DriverCommandExecutor.invokeExecute(DriverCommandExecutor.java:216)
	at org.openqa.selenium.remote.service.DriverCommandExecutor.execute(DriverCommandExecutor.java:174)
	at org.openqa.selenium.remote.RemoteWebDriver.execute(RemoteWebDriver.java:545)
	at org.openqa.selenium.remote.RemoteWebDriver.get(RemoteWebDriver.java:313)
	at utility.BrowserUtility.goToWebsite(BrowserUtility.java:135)
	at pages.HomePage.<init>(HomePage.java:32)
	at stepDefinitions.TestBase.setup(TestBase.java:26)
	at stepDefinitions.Hooks.initializeTest(Hooks.java:25)
</textarea>
      
      </div>
                  </div>
                  <div class="step skip-bg">
                    <span>Given user navigate to HomePage page</span>
      <div>Step skipped
      </div>
                  </div>
                  <div class="step skip-bg">
                    <span>When user click on login link</span>
      <div>Step skipped
      </div>
                  </div>
                  <div class="step skip-bg">
                    <span>And the user is on the login page</span>
      <div>Step skipped
      </div>
                  </div>
                  <div class="step skip-bg">
                    <span>When user enters invalid "anotheruser@domain.com" and "Secret45" credentials</span>
      <div>Step skipped
      </div>
                  </div>
                  <div class="step skip-bg">
                    <span>And user click login button</span>
      <div>Step skipped
      </div>
                  </div>
                  <div class="step skip-bg">
                    <span>Then user should see an error message</span>
      <div>Step skipped
      </div>
                  </div>
              </div>
            </div>
        </div>
  </div>
</div>
          </div>
        </li>
        <li class="test-item"  status="fail" test-id="69"
          author=""
          tag=""
          device="">
          <div class="test-detail">
            <p class="name">My Account Page Functionality</p>
            <p class="text-sm">
              <span>3:53:18 AM</span> / <span>00:02:15:161</span>
              <span class="badge fail-bg log float-right">Fail</span>
            </p>
          </div>
          <div class="test-contents d-none">
<div class="detail-head">
<div class="p-v-10">
<div class="info">
<h5 class="test-status text-fail">My Account Page Functionality</h5>
<span class='badge badge-success'>12.25.2024 3:53:18 AM</span>
<span class='badge badge-danger'>12.25.2024 3:55:33 AM</span>
<span class='badge badge-default'>00:02:15:161</span>
&middot; <span class='uri-anchor badge badge-default'>#test-id=69</span>
<span title='Skip to the next failed step' class='badge badge-danger pointer float-right ne ml-1'><i class="fa fa-fast-forward"></i></span>
<span title='Collapse all nodes' class='badge badge-default pointer float-right ct ml-1'><i class="fa fa-compress"></i></span>
<span title='Expand all nodes' class='badge badge-default pointer float-right et'><i class="fa fa-expand"></i></span>
</div>
<div class="m-t-10 m-l-5"></div>
</div>
</div>
<div class="accordion mt-4">
  <div class="card">
    <div class="card-header" role="tab">
      <div class="card-title">
        <div class="node" id="70"><span class="badge log fail-bg mr-2">Fail</span>Verify user see username on My Account Page</div>
      </div>
    </div>
        <div class="scenario_outline ">
            <div class="card-body l1">
              <div class="card-header">
                <div class="card-title outline-child">
                  <div class="node" id="71"><span class="badge log fail-bg mr-2">Fail</span>Verify user see username on My Account Page</div>
                </div>
              </div>
              <div class="card-body mt-3 ">
                  <div class="step fail-bg">
                    <span>stepDefinitions.Hooks.initializeTest(io.cucumber.java.Scenario)</span>
      <div>
        <textarea disabled class="code-block">org.openqa.selenium.WebDriverException: unknown error: net::ERR_CONNECTION_TIMED_OUT
  (Session info: chrome-headless-shell=131.0.6778.139)
Build info: version: '4.26.0', revision: '8ccf0219d7'
System info: os.name: 'Linux', os.arch: 'amd64', os.version: '6.5.0-1025-azure', java.version: '21.0.5'
Driver info: org.openqa.selenium.chrome.ChromeDriver
Command: [20331c47aaf4580c66515fef2644266a, get {url=https://www.automationpractice.pl}]
Capabilities {acceptInsecureCerts: false, browserName: chrome-headless-shell, browserVersion: 131.0.6778.139, chrome: {chromedriverVersion: 131.0.6778.108 (3b014839fbc..., userDataDir: /tmp/.org.chromium.Chromium...}, fedcm:accounts: true, goog:chromeOptions: {debuggerAddress: localhost:36093}, networkConnectionEnabled: false, pageLoadStrategy: normal, platformName: linux, proxy: Proxy(), se:cdp: ws://localhost:36093/devtoo..., se:cdpVersion: 131.0.6778.139, setWindowRect: true, strictFileInteractability: false, timeouts: {implicit: 0, pageLoad: 300000, script: 30000}, unhandledPromptBehavior: dismiss and notify, webauthn:extension:credBlob: true, webauthn:extension:largeBlob: true, webauthn:extension:minPinLength: true, webauthn:extension:prf: true, webauthn:virtualAuthenticators: true}
Session ID: 20331c47aaf4580c66515fef2644266a
	at java.base/jdk.internal.reflect.DirectConstructorHandleAccessor.newInstance(DirectConstructorHandleAccessor.java:62)
	at java.base/java.lang.reflect.Constructor.newInstanceWithCaller(Constructor.java:502)
	at java.base/java.lang.reflect.Constructor.newInstance(Constructor.java:486)
	at org.openqa.selenium.remote.ErrorCodec.decode(ErrorCodec.java:167)
	at org.openqa.selenium.remote.codec.w3c.W3CHttpResponseCodec.decode(W3CHttpResponseCodec.java:138)
	at org.openqa.selenium.remote.codec.w3c.W3CHttpResponseCodec.decode(W3CHttpResponseCodec.java:50)
	at org.openqa.selenium.remote.HttpCommandExecutor.execute(HttpCommandExecutor.java:190)
	at org.openqa.selenium.remote.service.DriverCommandExecutor.invokeExecute(DriverCommandExecutor.java:216)
	at org.openqa.selenium.remote.service.DriverCommandExecutor.execute(DriverCommandExecutor.java:174)
	at org.openqa.selenium.remote.RemoteWebDriver.execute(RemoteWebDriver.java:545)
	at org.openqa.selenium.remote.RemoteWebDriver.get(RemoteWebDriver.java:313)
	at utility.BrowserUtility.goToWebsite(BrowserUtility.java:135)
	at pages.HomePage.<init>(HomePage.java:32)
	at stepDefinitions.TestBase.setup(TestBase.java:26)
	at stepDefinitions.Hooks.initializeTest(Hooks.java:25)
</textarea>
      
      </div>
                  </div>
                  <div class="step skip-bg">
                    <span>Given user navigate to HomePage page</span>
      <div>Step skipped
      </div>
                  </div>
                  <div class="step skip-bg">
                    <span>When user click on login link</span>
      <div>Step skipped
      </div>
                  </div>
                  <div class="step skip-bg">
                    <span>And the user is on the login page</span>
      <div>Step skipped
      </div>
                  </div>
                  <div class="step skip-bg">
                    <span>When user enters valid "bajoy99768@inikale.com" and "Pass123" credentials</span>
      <div>Step skipped
      </div>
                  </div>
                  <div class="step skip-bg">
                    <span>Then user click login button</span>
      <div>Step skipped
      </div>
                  </div>
                  <div class="step skip-bg">
                    <span>And user able to see user name on my account page</span>
      <div>Step skipped
      </div>
                  </div>
              </div>
            </div>
        </div>
  </div>
</div>
          </div>
        </li>
      </ul>
    </div>
  </div>
<div class="test-content scrollable">
<div class="test-content-tools">
<ul><li><a class="back-to-test" href="#"><i class="fa fa-arrow-left"></i></a></li></ul>
</div>
<div class="test-content-detail"><div class="detail-body"></div></div>
</div></div>
<div class="test-wrapper row view exception-view attributes-view">
<div class="test-list">
<div class="test-list-tools">
<ul class="tools pull-left"><li><a href=""><span class="font-size-14">Exception</span></a></li></ul>
<ul class="tools text-right"><li><a href="#"><span class="badge badge-primary">1</span></a></li></ul>
</div>
<div class="test-list-wrapper scrollable">
<ul class="test-list-item">
<li class="test-item">
<div class="test-detail">
<span class="meta">
<span class='badge log badge-danger'>7</span>
</span>
<p class="name">org.openqa.selenium.WebDriverException</p>
<p class="duration text-sm">7 tests</p>
</div>
<div class="test-contents d-none">
<div class="info">
<h4>org.openqa.selenium.WebDriverException</h4>
<span status="fail" class='badge log badge-danger'>7 failed</span>
</div>
<table class='table table-sm mt-4'>
<thead>
<tr>
<th class="status-col">Status</th>
<th class="timestamp-col">Timestamp</th>
<th>TestName</th>
</tr>
</thead>
<tbody>
<tr class="tag-test-status" status="fail">
<td><span class="badge log fail-bg">Fail</span></td>
<td>03:39:46 AM</td>
<td>
<a href="#" class="linked" test-id='1' id='3'>stepDefinitions.Hooks.initializeTest(io.cucumber.java.Scenario)</a>
<div class="">
<span class="badge badge-default">Home page.Verify user able to land on the Home page successfully.stepDefinitions.Hooks.initializeTest(io.cucumber.java.Scenario)</span>
</div>
</td>
</tr>
<tr class="tag-test-status" status="fail">
<td><span class="badge log fail-bg">Fail</span></td>
<td>03:42:02 AM</td>
<td>
<a href="#" class="linked" test-id='1' id='12'>stepDefinitions.Hooks.initializeTest(io.cucumber.java.Scenario)</a>
<div class="">
<span class="badge badge-default">Home page.Verify user able to land on the Home page successfully.stepDefinitions.Hooks.initializeTest(io.cucumber.java.Scenario)</span>
</div>
</td>
</tr>
<tr class="tag-test-status" status="fail">
<td><span class="badge log fail-bg">Fail</span></td>
<td>03:44:17 AM</td>
<td>
<a href="#" class="linked" test-id='1' id='21'>stepDefinitions.Hooks.initializeTest(io.cucumber.java.Scenario)</a>
<div class="">
<span class="badge badge-default">Home page.Verify user able to land on the Home page successfully.stepDefinitions.Hooks.initializeTest(io.cucumber.java.Scenario)</span>
</div>
</td>
</tr>
<tr class="tag-test-status" status="fail">
<td><span class="badge log fail-bg">Fail</span></td>
<td>03:46:33 AM</td>
<td>
<a href="#" class="linked" test-id='1' id='30'>stepDefinitions.Hooks.initializeTest(io.cucumber.java.Scenario)</a>
<div class="">
<span class="badge badge-default">Home page.Verify user able to land on the Home page successfully.stepDefinitions.Hooks.initializeTest(io.cucumber.java.Scenario)</span>
</div>
</td>
</tr>
<tr class="tag-test-status" status="fail">
<td><span class="badge log fail-bg">Fail</span></td>
<td>03:48:48 AM</td>
<td>
<a href="#" class="linked" test-id='38' id='41'>stepDefinitions.Hooks.initializeTest(io.cucumber.java.Scenario)</a>
<div class="">
<span class="badge badge-default">Login Functionality.Verify user log in with valid credentials.stepDefinitions.Hooks.initializeTest(io.cucumber.java.Scenario)</span>
</div>
</td>
</tr>
<tr class="tag-test-status" status="fail">
<td><span class="badge log fail-bg">Fail</span></td>
<td>03:51:03 AM</td>
<td>
<a href="#" class="linked" test-id='38' id='55'>stepDefinitions.Hooks.initializeTest(io.cucumber.java.Scenario)</a>
<div class="">
<span class="badge badge-default">Login Functionality.Verify user cannot log in with invalid credentials.stepDefinitions.Hooks.initializeTest(io.cucumber.java.Scenario)</span>
</div>
</td>
</tr>
<tr class="tag-test-status" status="fail">
<td><span class="badge log fail-bg">Fail</span></td>
<td>03:53:18 AM</td>
<td>
<a href="#" class="linked" test-id='69' id='72'>stepDefinitions.Hooks.initializeTest(io.cucumber.java.Scenario)</a>
<div class="">
<span class="badge badge-default">My Account Page Functionality.Verify user see username on My Account Page.stepDefinitions.Hooks.initializeTest(io.cucumber.java.Scenario)</span>
</div>
</td>
</tr>
</tbody>
</table>
</div>
</li>
</ul>
</div>
</div>
<div class="test-content scrollable">
<div class="test-content-detail">
<div class="detail-body"></div>
</div>
</div>
</div><div class="container-fluid p-4 view dashboard-view">
<div class="row">
<div class="col-md-3">
<div class="card"><div class="card-body">
<p class="m-b-0">Started</p>
<h3>Dec 25, 2024 03:39:45 AM</h3>
</div></div>
</div>
<div class="col-md-3">
<div class="card"><div class="card-body">
<p class="m-b-0">Ended</p>
<h3>Dec 25, 2024 03:55:33 AM</h3>
</div></div>
</div>
<div class="col-md-3">
<div class="card"><div class="card-body">
<p class="m-b-0 text-pass">Features Passed</p>
<h3>0</h3>
</div></div>
</div>
<div class="col-md-3">
<div class="card"><div class="card-body">
<p class="m-b-0 text-fail">Features Failed</p>
<h3>3</h3>
</div></div>
</div>
</div>
<div class="row">
<div class="col-md-4">
<div class="card">
<div class="card-header">
<h6 class="card-title">Features</h6>
</div>
<div class="card-body">
<div class="">
<canvas id='parent-analysis' width='115' height='90'></canvas>
</div>
</div>
<div class="card-footer">
<div><small data-tooltip='0%'>
<b>0</b> features passed
</small>
</div>
<div>
<small data-tooltip='100%'><b>3</b> features failed,
<b>0</b> skipped, <b data-tooltip='0%'>0</b> others
</small>
</div>
</div>
</div>
</div>
<div class="col-md-4">
<div class="card">
<div class="card-header">
<h6 class="card-title">Scenarios</h6>
</div>
<div class="card-body">
<div class="">
<canvas id='child-analysis' width='115' height='90'></canvas>
</div>
</div>
<div class="card-footer">
<div><small data-tooltip='0%'><b>0</b> scenarios passed</small></div>
<div>
<small data-tooltip='100%'><b>7</b> scenarios failed,
<b>0</b> skipped, <b data-tooltip='%'>0</b> others
</small>
</div>
</div>
</div>
</div>
<div class="col-md-4">
<div class="card">
<div class="card-header">
<h6 class="card-title">Steps</h6>
</div>
<div class="card-body">
<div class="">
<canvas id='grandchild-analysis' width='115' height='90'></canvas>
</div>
</div>
<div class="card-footer">
<div><small data-tooltip='0%'><b>0</b> steps passed</small></div>
<div>
<small data-tooltip='19%'><b>7</b> steps failed,
<b>29</b> skipped, <b data-tooltip='%'>0</b> others
</small>
</div>
</div>
</div>
</div>
</div>
<div class="row"><div class="col-md-12">
<div class="card"><div class="card-header"><p>Timeline</p></div>
<div class="card-body pt-0"><div>
<canvas id="timeline" height="120"></canvas>
</div></div>
</div>
</div></div>
<script>
var timeline = {
"Home page":541.798,"Login Functionality":270.321,"My Account Page Functionality":135.161
};
</script>
<div class="row">
</div>
</div>
<script>
var statusGroup = {
parentCount: 5,
passParent: 0,
failParent: 3,
warningParent: 0,
skipParent: 0,
childCount: 5,
passChild: 0,
failChild: 7,
warningChild: 0,
skipChild: 0,
infoChild: 0,
grandChildCount: 5,
passGrandChild: 0,
failGrandChild: 7,
warningGrandChild: 0,
skipGrandChild: 29,
infoGrandChild: 0,
eventsCount: 5,
};
</script>        </div>
      </div>
    </div>
  </div>
<script src="https://cdn.jsdelivr.net/gh/extent-framework/extent-github-cdn@c05cd28cde1617b9d0c05a831daff6cb97fd9fd5/spark/js/spark-script.js"></script>
<script type="text/javascript"></script></body>
</html>